2023-02-18 11:27:42,110 INFO [background-preinit] org.hibernate.validator.internal.util.Version: HV000001: Hibernate Validator 8.0.0.Final
2023-02-18 11:27:42,178 INFO [restartedMain] org.springframework.boot.StartupInfoLogger: Starting HrmsApplication using Java 17.0.4.1 with PID 25620 (C:\Users\EGIN\git\humanResourceManagementSystem13012023\hrms\target\classes started by EGIN in C:\Users\EGIN\git\humanResourceManagementSystem13012023\hrms)
2023-02-18 11:27:42,179 DEBUG [restartedMain] org.springframework.boot.StartupInfoLogger: Running with Spring Boot v3.0.2, Spring v6.0.4
2023-02-18 11:27:42,180 INFO [restartedMain] org.springframework.boot.SpringApplication: No active profile set, falling back to 1 default profile: "default"
2023-02-18 11:27:42,235 INFO [restartedMain] org.springframework.boot.logging.DeferredLog: Devtools property defaults active! Set 'spring.devtools.add-properties' to 'false' to disable
2023-02-18 11:27:42,236 INFO [restartedMain] org.springframework.boot.logging.DeferredLog: For additional web related logging consider setting the 'logging.level.web' property to 'DEBUG'
2023-02-18 11:27:43,264 INFO [restartedMain] org.springframework.data.repository.config.RepositoryConfigurationDelegate: Bootstrapping Spring Data JPA repositories in DEFAULT mode.
2023-02-18 11:27:43,405 INFO [restartedMain] org.springframework.data.repository.config.RepositoryConfigurationDelegate: Finished Spring Data repository scanning in 127 ms. Found 17 JPA repository interfaces.
2023-02-18 11:27:44,740 INFO [restartedMain] org.springframework.boot.web.embedded.tomcat.TomcatWebServer: Tomcat initialized with port(s): 8080 (http)
2023-02-18 11:27:44,754 INFO [restartedMain] org.apache.juli.logging.DirectJDKLog: Initializing ProtocolHandler ["http-nio-8080"]
2023-02-18 11:27:44,755 INFO [restartedMain] org.apache.juli.logging.DirectJDKLog: Starting service [Tomcat]
2023-02-18 11:27:44,755 INFO [restartedMain] org.apache.juli.logging.DirectJDKLog: Starting Servlet engine: [Apache Tomcat/10.1.5]
2023-02-18 11:27:44,848 INFO [restartedMain] org.apache.juli.logging.DirectJDKLog: Initializing Spring embedded WebApplicationContext
2023-02-18 11:27:44,851 INFO [restartedMain] org.springframework.boot.web.servlet.context.ServletWebServerApplicationContext: Root WebApplicationContext: initialization completed in 2612 ms
2023-02-18 11:27:45,053 INFO [restartedMain] org.hibernate.jpa.internal.util.LogHelper: HHH000204: Processing PersistenceUnitInfo [name: default]
2023-02-18 11:27:45,126 INFO [restartedMain] org.hibernate.Version: HHH000412: Hibernate ORM core version 6.1.6.Final
2023-02-18 11:27:45,300 WARN [restartedMain] org.hibernate.jpa.boot.internal.EntityManagerFactoryBuilderImpl: HHH90000021: Encountered deprecated setting [javax.persistence.validation.mode], use [jakarta.persistence.validation.mode] instead
2023-02-18 11:27:45,329 WARN [restartedMain] org.hibernate.boot.internal.MetadataBuilderImpl$MetadataBuildingOptionsImpl: HHH90000021: Encountered deprecated setting [javax.persistence.sharedCache.mode], use [jakarta.persistence.sharedCache.mode] instead
2023-02-18 11:27:45,467 INFO [restartedMain] com.zaxxer.hikari.HikariDataSource: HikariPool-1 - Starting...
2023-02-18 11:27:45,673 INFO [restartedMain] com.zaxxer.hikari.pool.HikariPool: HikariPool-1 - Added connection org.postgresql.jdbc.PgConnection@3850329c
2023-02-18 11:27:45,675 INFO [restartedMain] com.zaxxer.hikari.HikariDataSource: HikariPool-1 - Start completed.
2023-02-18 11:27:45,732 INFO [restartedMain] org.hibernate.engine.jdbc.dialect.internal.DialectFactoryImpl: HHH000400: Using dialect: org.hibernate.dialect.PostgreSQLDialect
2023-02-18 11:27:47,065 INFO [restartedMain] org.hibernate.engine.transaction.jta.platform.internal.JtaPlatformInitiator: HHH000490: Using JtaPlatform implementation: [org.hibernate.engine.transaction.jta.platform.internal.NoJtaPlatform]
2023-02-18 11:27:47,073 INFO [restartedMain] org.springframework.orm.jpa.AbstractEntityManagerFactoryBean: Initialized JPA EntityManagerFactory for persistence unit 'default'
2023-02-18 11:27:47,531 DEBUG [restartedMain] org.springframework.web.filter.GenericFilterBean: Filter 'jwtAuthenticationFilter' configured for use
2023-02-18 11:27:48,813 WARN [restartedMain] org.springframework.boot.autoconfigure.orm.jpa.JpaBaseConfiguration$JpaWebConfiguration: spring.jpa.open-in-view is enabled by default. Therefore, database queries may be performed during view rendering. Explicitly configure spring.jpa.open-in-view to disable this warning
2023-02-18 11:27:49,978 INFO [restartedMain] org.springframework.security.web.DefaultSecurityFilterChain: Will secure any request with [org.springframework.security.web.session.DisableEncodeUrlFilter@2628a78, org.springframework.security.web.context.request.async.WebAsyncManagerIntegrationFilter@7560ba8a, org.springframework.security.web.context.SecurityContextHolderFilter@57866fa4, org.springframework.security.web.header.HeaderWriterFilter@1d44d84c, org.springframework.security.web.authentication.logout.LogoutFilter@4a9d0a7d, kodlamaio.hrms.core.utilities.security.jwt.JwtAuthenticationFilter@278fd92d, org.springframework.security.web.authentication.UsernamePasswordAuthenticationFilter@5cc4662b, org.springframework.security.web.authentication.ui.DefaultLoginPageGeneratingFilter@246f6a8, org.springframework.security.web.authentication.ui.DefaultLogoutPageGeneratingFilter@aea6f33, org.springframework.security.web.savedrequest.RequestCacheAwareFilter@1baa1365, org.springframework.security.web.servletapi.SecurityContextHolderAwareRequestFilter@37d07568, org.springframework.security.web.authentication.AnonymousAuthenticationFilter@372648ae, org.springframework.security.web.session.SessionManagementFilter@6cdfa820, org.springframework.security.web.access.ExceptionTranslationFilter@7e10dd44, org.springframework.security.web.access.intercept.AuthorizationFilter@71e1d7b]
2023-02-18 11:27:50,521 INFO [restartedMain] org.springframework.boot.devtools.autoconfigure.OptionalLiveReloadServer: LiveReload server is running on port 35729
2023-02-18 11:27:50,543 INFO [restartedMain] org.apache.juli.logging.DirectJDKLog: Starting ProtocolHandler ["http-nio-8080"]
2023-02-18 11:27:50,575 INFO [restartedMain] org.springframework.boot.web.embedded.tomcat.TomcatWebServer: Tomcat started on port(s): 8080 (http) with context path ''
2023-02-18 11:27:50,590 INFO [restartedMain] org.springframework.boot.StartupInfoLogger: Started HrmsApplication in 8.792 seconds (process running for 9.599)
2023-02-18 11:27:50,597 INFO [restartedMain] kodlamaio.hrms.HrmsApplication: System started
2023-02-18 11:28:00,605 INFO [http-nio-8080-exec-1] org.apache.juli.logging.DirectJDKLog: Initializing Spring DispatcherServlet 'dispatcherServlet'
2023-02-18 11:28:00,606 INFO [http-nio-8080-exec-1] org.springframework.web.servlet.FrameworkServlet: Initializing Servlet 'dispatcherServlet'
2023-02-18 11:28:00,611 INFO [http-nio-8080-exec-1] org.springframework.web.servlet.FrameworkServlet: Completed initialization in 4 ms
2023-02-18 11:28:03,438 INFO [http-nio-8080-exec-9] org.springdoc.api.AbstractOpenApiResource: Init duration for springdoc-openapi is: 1666 ms
