2023-01-27 19:57:40,156 INFO [background-preinit] org.hibernate.validator.internal.util.Version: HV000001: Hibernate Validator 8.0.0.Final
2023-01-27 19:57:40,249 INFO [restartedMain] org.springframework.boot.StartupInfoLogger: Starting HrmsApplication using Java 17.0.4.1 with PID 28952 (C:\Users\EGIN\git\humanResourceManagementSystem13012023\hrms\target\classes started by EGIN in C:\Users\EGIN\git\humanResourceManagementSystem13012023\hrms)
2023-01-27 19:57:40,250 DEBUG [restartedMain] org.springframework.boot.StartupInfoLogger: Running with Spring Boot v3.0.2, Spring v6.0.4
2023-01-27 19:57:40,251 INFO [restartedMain] org.springframework.boot.SpringApplication: No active profile set, falling back to 1 default profile: "default"
2023-01-27 19:57:40,320 INFO [restartedMain] org.springframework.boot.logging.DeferredLog: Devtools property defaults active! Set 'spring.devtools.add-properties' to 'false' to disable
2023-01-27 19:57:40,321 INFO [restartedMain] org.springframework.boot.logging.DeferredLog: For additional web related logging consider setting the 'logging.level.web' property to 'DEBUG'
2023-01-27 19:57:41,360 INFO [restartedMain] org.springframework.data.repository.config.RepositoryConfigurationDelegate: Bootstrapping Spring Data JPA repositories in DEFAULT mode.
2023-01-27 19:57:41,498 INFO [restartedMain] org.springframework.data.repository.config.RepositoryConfigurationDelegate: Finished Spring Data repository scanning in 126 ms. Found 17 JPA repository interfaces.
2023-01-27 19:57:42,739 INFO [restartedMain] org.springframework.boot.web.embedded.tomcat.TomcatWebServer: Tomcat initialized with port(s): 8080 (http)
2023-01-27 19:57:42,755 INFO [restartedMain] org.apache.juli.logging.DirectJDKLog: Initializing ProtocolHandler ["http-nio-8080"]
2023-01-27 19:57:42,756 INFO [restartedMain] org.apache.juli.logging.DirectJDKLog: Starting service [Tomcat]
2023-01-27 19:57:42,757 INFO [restartedMain] org.apache.juli.logging.DirectJDKLog: Starting Servlet engine: [Apache Tomcat/10.1.5]
2023-01-27 19:57:42,872 INFO [restartedMain] org.apache.juli.logging.DirectJDKLog: Initializing Spring embedded WebApplicationContext
2023-01-27 19:57:42,874 INFO [restartedMain] org.springframework.boot.web.servlet.context.ServletWebServerApplicationContext: Root WebApplicationContext: initialization completed in 2549 ms
2023-01-27 19:57:43,176 INFO [restartedMain] org.hibernate.jpa.internal.util.LogHelper: HHH000204: Processing PersistenceUnitInfo [name: default]
2023-01-27 19:57:43,265 INFO [restartedMain] org.hibernate.Version: HHH000412: Hibernate ORM core version 6.1.6.Final
2023-01-27 19:57:43,426 WARN [restartedMain] org.hibernate.jpa.boot.internal.EntityManagerFactoryBuilderImpl: HHH90000021: Encountered deprecated setting [javax.persistence.validation.mode], use [jakarta.persistence.validation.mode] instead
2023-01-27 19:57:43,449 WARN [restartedMain] org.hibernate.boot.internal.MetadataBuilderImpl$MetadataBuildingOptionsImpl: HHH90000021: Encountered deprecated setting [javax.persistence.sharedCache.mode], use [jakarta.persistence.sharedCache.mode] instead
2023-01-27 19:57:43,579 INFO [restartedMain] com.zaxxer.hikari.HikariDataSource: HikariPool-1 - Starting...
2023-01-27 19:57:43,795 INFO [restartedMain] com.zaxxer.hikari.pool.HikariPool: HikariPool-1 - Added connection org.postgresql.jdbc.PgConnection@d128094
2023-01-27 19:57:43,797 INFO [restartedMain] com.zaxxer.hikari.HikariDataSource: HikariPool-1 - Start completed.
2023-01-27 19:57:43,855 INFO [restartedMain] org.hibernate.engine.jdbc.dialect.internal.DialectFactoryImpl: HHH000400: Using dialect: org.hibernate.dialect.PostgreSQLDialect
2023-01-27 19:57:45,166 INFO [restartedMain] org.hibernate.engine.transaction.jta.platform.internal.JtaPlatformInitiator: HHH000490: Using JtaPlatform implementation: [org.hibernate.engine.transaction.jta.platform.internal.NoJtaPlatform]
2023-01-27 19:57:45,175 INFO [restartedMain] org.springframework.orm.jpa.AbstractEntityManagerFactoryBean: Initialized JPA EntityManagerFactory for persistence unit 'default'
2023-01-27 19:57:45,610 DEBUG [restartedMain] org.springframework.web.filter.GenericFilterBean: Filter 'jwtAuthenticationFilter' configured for use
2023-01-27 19:57:46,180 WARN [restartedMain] org.springframework.context.support.AbstractApplicationContext: Exception encountered during context initialization - cancelling refresh attempt: org.springframework.beans.factory.BeanCreationException: Error creating bean with name 'googleLoginHandler' defined in file [C:\Users\EGIN\git\humanResourceManagementSystem13012023\hrms\target\classes\kodlamaio\hrms\business\adapters\oAuth2\google\GoogleLoginHandler.class]: Failed to instantiate [kodlamaio.hrms.business.adapters.oAuth2.google.GoogleLoginHandler]: Constructor threw exception
2023-01-27 19:57:46,180 INFO [restartedMain] org.springframework.orm.jpa.AbstractEntityManagerFactoryBean: Closing JPA EntityManagerFactory for persistence unit 'default'
2023-01-27 19:57:46,184 INFO [restartedMain] com.zaxxer.hikari.HikariDataSource: HikariPool-1 - Shutdown initiated...
2023-01-27 19:57:46,188 INFO [restartedMain] com.zaxxer.hikari.HikariDataSource: HikariPool-1 - Shutdown completed.
2023-01-27 19:57:46,192 INFO [restartedMain] org.apache.juli.logging.DirectJDKLog: Stopping service [Tomcat]
2023-01-27 19:57:46,207 INFO [restartedMain] org.springframework.boot.autoconfigure.logging.ConditionEvaluationReportLogger: 

Error starting ApplicationContext. To display the condition evaluation report re-run your application with 'debug' enabled.
2023-01-27 19:57:46,231 ERROR [restartedMain] org.springframework.boot.SpringApplication: Application run failed
org.springframework.beans.factory.BeanCreationException: Error creating bean with name 'googleLoginHandler' defined in file [C:\Users\EGIN\git\humanResourceManagementSystem13012023\hrms\target\classes\kodlamaio\hrms\business\adapters\oAuth2\google\GoogleLoginHandler.class]: Failed to instantiate [kodlamaio.hrms.business.adapters.oAuth2.google.GoogleLoginHandler]: Constructor threw exception
	at org.springframework.beans.factory.support.AbstractAutowireCapableBeanFactory.instantiateBean(AbstractAutowireCapableBeanFactory.java:1306)
	at org.springframework.beans.factory.support.AbstractAutowireCapableBeanFactory.createBeanInstance(AbstractAutowireCapableBeanFactory.java:1198)
	at org.springframework.beans.factory.support.AbstractAutowireCapableBeanFactory.doCreateBean(AbstractAutowireCapableBeanFactory.java:561)
	at org.springframework.beans.factory.support.AbstractAutowireCapableBeanFactory.createBean(AbstractAutowireCapableBeanFactory.java:521)
	at org.springframework.beans.factory.support.AbstractBeanFactory.lambda$doGetBean$0(AbstractBeanFactory.java:326)
	at org.springframework.beans.factory.support.DefaultSingletonBeanRegistry.getSingleton(DefaultSingletonBeanRegistry.java:234)
	at org.springframework.beans.factory.support.AbstractBeanFactory.doGetBean(AbstractBeanFactory.java:324)
	at org.springframework.beans.factory.support.AbstractBeanFactory.getBean(AbstractBeanFactory.java:200)
	at org.springframework.beans.factory.support.DefaultListableBeanFactory.preInstantiateSingletons(DefaultListableBeanFactory.java:961)
	at org.springframework.context.support.AbstractApplicationContext.finishBeanFactoryInitialization(AbstractApplicationContext.java:915)
	at org.springframework.context.support.AbstractApplicationContext.refresh(AbstractApplicationContext.java:584)
	at org.springframework.boot.web.servlet.context.ServletWebServerApplicationContext.refresh(ServletWebServerApplicationContext.java:146)
	at org.springframework.boot.SpringApplication.refresh(SpringApplication.java:730)
	at org.springframework.boot.SpringApplication.refreshContext(SpringApplication.java:432)
	at org.springframework.boot.SpringApplication.run(SpringApplication.java:308)
	at org.springframework.boot.SpringApplication.run(SpringApplication.java:1302)
	at org.springframework.boot.SpringApplication.run(SpringApplication.java:1291)
	at kodlamaio.hrms.HrmsApplication.main(HrmsApplication.java:17)
	at java.base/jdk.internal.reflect.NativeMethodAccessorImpl.invoke0(Native Method)
	at java.base/jdk.internal.reflect.NativeMethodAccessorImpl.invoke(NativeMethodAccessorImpl.java:77)
	at java.base/jdk.internal.reflect.DelegatingMethodAccessorImpl.invoke(DelegatingMethodAccessorImpl.java:43)
	at java.base/java.lang.reflect.Method.invoke(Method.java:568)
	at org.springframework.boot.devtools.restart.RestartLauncher.run(RestartLauncher.java:49)
Caused by: org.springframework.beans.BeanInstantiationException: Failed to instantiate [kodlamaio.hrms.business.adapters.oAuth2.google.GoogleLoginHandler]: Constructor threw exception
	at org.springframework.beans.BeanUtils.instantiateClass(BeanUtils.java:223)
	at org.springframework.beans.factory.support.SimpleInstantiationStrategy.instantiate(SimpleInstantiationStrategy.java:87)
	at org.springframework.beans.factory.support.AbstractAutowireCapableBeanFactory.instantiateBean(AbstractAutowireCapableBeanFactory.java:1300)
	... 22 common frames omitted
Caused by: com.google.api.client.auth.oauth2.TokenResponseException: 400 Bad Request
POST https://oauth2.googleapis.com/token
{
  "error" : "invalid_grant",
  "error_description" : "Malformed auth code."
}
	at com.google.api.client.auth.oauth2.TokenResponseException.from(TokenResponseException.java:105)
	at com.google.api.client.auth.oauth2.TokenRequest.executeUnparsed(TokenRequest.java:326)
	at com.google.api.client.googleapis.auth.oauth2.GoogleAuthorizationCodeTokenRequest.execute(GoogleAuthorizationCodeTokenRequest.java:157)
	at kodlamaio.hrms.business.adapters.oAuth2.google.GoogleLoginHandler.<init>(GoogleLoginHandler.java:35)
	at java.base/jdk.internal.reflect.NativeConstructorAccessorImpl.newInstance0(Native Method)
	at java.base/jdk.internal.reflect.NativeConstructorAccessorImpl.newInstance(NativeConstructorAccessorImpl.java:77)
	at java.base/jdk.internal.reflect.DelegatingConstructorAccessorImpl.newInstance(DelegatingConstructorAccessorImpl.java:45)
	at java.base/java.lang.reflect.Constructor.newInstanceWithCaller(Constructor.java:499)
	at java.base/java.lang.reflect.Constructor.newInstance(Constructor.java:480)
	at org.springframework.beans.BeanUtils.instantiateClass(BeanUtils.java:197)
	... 24 common frames omitted
2023-01-27 20:01:05,306 INFO [background-preinit] org.hibernate.validator.internal.util.Version: HV000001: Hibernate Validator 8.0.0.Final
2023-01-27 20:01:05,417 INFO [restartedMain] org.springframework.boot.StartupInfoLogger: Starting HrmsApplication using Java 17.0.4.1 with PID 25444 (C:\Users\EGIN\git\humanResourceManagementSystem13012023\hrms\target\classes started by EGIN in C:\Users\EGIN\git\humanResourceManagementSystem13012023\hrms)
2023-01-27 20:01:05,418 DEBUG [restartedMain] org.springframework.boot.StartupInfoLogger: Running with Spring Boot v3.0.2, Spring v6.0.4
2023-01-27 20:01:05,420 INFO [restartedMain] org.springframework.boot.SpringApplication: No active profile set, falling back to 1 default profile: "default"
2023-01-27 20:01:05,507 INFO [restartedMain] org.springframework.boot.logging.DeferredLog: Devtools property defaults active! Set 'spring.devtools.add-properties' to 'false' to disable
2023-01-27 20:01:05,508 INFO [restartedMain] org.springframework.boot.logging.DeferredLog: For additional web related logging consider setting the 'logging.level.web' property to 'DEBUG'
2023-01-27 20:01:06,731 INFO [restartedMain] org.springframework.data.repository.config.RepositoryConfigurationDelegate: Bootstrapping Spring Data JPA repositories in DEFAULT mode.
2023-01-27 20:01:06,930 INFO [restartedMain] org.springframework.data.repository.config.RepositoryConfigurationDelegate: Finished Spring Data repository scanning in 185 ms. Found 17 JPA repository interfaces.
2023-01-27 20:01:08,857 INFO [restartedMain] org.springframework.boot.web.embedded.tomcat.TomcatWebServer: Tomcat initialized with port(s): 8080 (http)
2023-01-27 20:01:08,882 INFO [restartedMain] org.apache.juli.logging.DirectJDKLog: Initializing ProtocolHandler ["http-nio-8080"]
2023-01-27 20:01:08,884 INFO [restartedMain] org.apache.juli.logging.DirectJDKLog: Starting service [Tomcat]
2023-01-27 20:01:08,885 INFO [restartedMain] org.apache.juli.logging.DirectJDKLog: Starting Servlet engine: [Apache Tomcat/10.1.5]
2023-01-27 20:01:09,022 INFO [restartedMain] org.apache.juli.logging.DirectJDKLog: Initializing Spring embedded WebApplicationContext
2023-01-27 20:01:09,025 INFO [restartedMain] org.springframework.boot.web.servlet.context.ServletWebServerApplicationContext: Root WebApplicationContext: initialization completed in 3513 ms
2023-01-27 20:01:09,393 INFO [restartedMain] org.hibernate.jpa.internal.util.LogHelper: HHH000204: Processing PersistenceUnitInfo [name: default]
2023-01-27 20:01:09,532 INFO [restartedMain] org.hibernate.Version: HHH000412: Hibernate ORM core version 6.1.6.Final
2023-01-27 20:01:09,822 WARN [restartedMain] org.hibernate.jpa.boot.internal.EntityManagerFactoryBuilderImpl: HHH90000021: Encountered deprecated setting [javax.persistence.validation.mode], use [jakarta.persistence.validation.mode] instead
2023-01-27 20:01:09,860 WARN [restartedMain] org.hibernate.boot.internal.MetadataBuilderImpl$MetadataBuildingOptionsImpl: HHH90000021: Encountered deprecated setting [javax.persistence.sharedCache.mode], use [jakarta.persistence.sharedCache.mode] instead
2023-01-27 20:01:10,102 INFO [restartedMain] com.zaxxer.hikari.HikariDataSource: HikariPool-1 - Starting...
2023-01-27 20:01:10,477 INFO [restartedMain] com.zaxxer.hikari.pool.HikariPool: HikariPool-1 - Added connection org.postgresql.jdbc.PgConnection@c5d2c48
2023-01-27 20:01:10,483 INFO [restartedMain] com.zaxxer.hikari.HikariDataSource: HikariPool-1 - Start completed.
2023-01-27 20:01:10,566 INFO [restartedMain] org.hibernate.engine.jdbc.dialect.internal.DialectFactoryImpl: HHH000400: Using dialect: org.hibernate.dialect.PostgreSQLDialect
2023-01-27 20:01:12,946 INFO [restartedMain] org.hibernate.engine.transaction.jta.platform.internal.JtaPlatformInitiator: HHH000490: Using JtaPlatform implementation: [org.hibernate.engine.transaction.jta.platform.internal.NoJtaPlatform]
2023-01-27 20:01:12,959 INFO [restartedMain] org.springframework.orm.jpa.AbstractEntityManagerFactoryBean: Initialized JPA EntityManagerFactory for persistence unit 'default'
2023-01-27 20:01:13,569 DEBUG [restartedMain] org.springframework.web.filter.GenericFilterBean: Filter 'jwtAuthenticationFilter' configured for use
2023-01-27 20:01:14,634 WARN [restartedMain] org.springframework.context.support.AbstractApplicationContext: Exception encountered during context initialization - cancelling refresh attempt: org.springframework.beans.factory.BeanCreationException: Error creating bean with name 'googleLoginHandler' defined in file [C:\Users\EGIN\git\humanResourceManagementSystem13012023\hrms\target\classes\kodlamaio\hrms\business\adapters\oAuth2\google\GoogleLoginHandler.class]: Failed to instantiate [kodlamaio.hrms.business.adapters.oAuth2.google.GoogleLoginHandler]: Constructor threw exception
2023-01-27 20:01:14,635 INFO [restartedMain] org.springframework.orm.jpa.AbstractEntityManagerFactoryBean: Closing JPA EntityManagerFactory for persistence unit 'default'
2023-01-27 20:01:14,638 INFO [restartedMain] com.zaxxer.hikari.HikariDataSource: HikariPool-1 - Shutdown initiated...
2023-01-27 20:01:14,642 INFO [restartedMain] com.zaxxer.hikari.HikariDataSource: HikariPool-1 - Shutdown completed.
2023-01-27 20:01:14,646 INFO [restartedMain] org.apache.juli.logging.DirectJDKLog: Stopping service [Tomcat]
2023-01-27 20:01:14,657 INFO [restartedMain] org.springframework.boot.autoconfigure.logging.ConditionEvaluationReportLogger: 

Error starting ApplicationContext. To display the condition evaluation report re-run your application with 'debug' enabled.
2023-01-27 20:01:14,683 ERROR [restartedMain] org.springframework.boot.SpringApplication: Application run failed
org.springframework.beans.factory.BeanCreationException: Error creating bean with name 'googleLoginHandler' defined in file [C:\Users\EGIN\git\humanResourceManagementSystem13012023\hrms\target\classes\kodlamaio\hrms\business\adapters\oAuth2\google\GoogleLoginHandler.class]: Failed to instantiate [kodlamaio.hrms.business.adapters.oAuth2.google.GoogleLoginHandler]: Constructor threw exception
	at org.springframework.beans.factory.support.AbstractAutowireCapableBeanFactory.instantiateBean(AbstractAutowireCapableBeanFactory.java:1306)
	at org.springframework.beans.factory.support.AbstractAutowireCapableBeanFactory.createBeanInstance(AbstractAutowireCapableBeanFactory.java:1198)
	at org.springframework.beans.factory.support.AbstractAutowireCapableBeanFactory.doCreateBean(AbstractAutowireCapableBeanFactory.java:561)
	at org.springframework.beans.factory.support.AbstractAutowireCapableBeanFactory.createBean(AbstractAutowireCapableBeanFactory.java:521)
	at org.springframework.beans.factory.support.AbstractBeanFactory.lambda$doGetBean$0(AbstractBeanFactory.java:326)
	at org.springframework.beans.factory.support.DefaultSingletonBeanRegistry.getSingleton(DefaultSingletonBeanRegistry.java:234)
	at org.springframework.beans.factory.support.AbstractBeanFactory.doGetBean(AbstractBeanFactory.java:324)
	at org.springframework.beans.factory.support.AbstractBeanFactory.getBean(AbstractBeanFactory.java:200)
	at org.springframework.beans.factory.support.DefaultListableBeanFactory.preInstantiateSingletons(DefaultListableBeanFactory.java:961)
	at org.springframework.context.support.AbstractApplicationContext.finishBeanFactoryInitialization(AbstractApplicationContext.java:915)
	at org.springframework.context.support.AbstractApplicationContext.refresh(AbstractApplicationContext.java:584)
	at org.springframework.boot.web.servlet.context.ServletWebServerApplicationContext.refresh(ServletWebServerApplicationContext.java:146)
	at org.springframework.boot.SpringApplication.refresh(SpringApplication.java:730)
	at org.springframework.boot.SpringApplication.refreshContext(SpringApplication.java:432)
	at org.springframework.boot.SpringApplication.run(SpringApplication.java:308)
	at org.springframework.boot.SpringApplication.run(SpringApplication.java:1302)
	at org.springframework.boot.SpringApplication.run(SpringApplication.java:1291)
	at kodlamaio.hrms.HrmsApplication.main(HrmsApplication.java:17)
	at java.base/jdk.internal.reflect.NativeMethodAccessorImpl.invoke0(Native Method)
	at java.base/jdk.internal.reflect.NativeMethodAccessorImpl.invoke(NativeMethodAccessorImpl.java:77)
	at java.base/jdk.internal.reflect.DelegatingMethodAccessorImpl.invoke(DelegatingMethodAccessorImpl.java:43)
	at java.base/java.lang.reflect.Method.invoke(Method.java:568)
	at org.springframework.boot.devtools.restart.RestartLauncher.run(RestartLauncher.java:49)
Caused by: org.springframework.beans.BeanInstantiationException: Failed to instantiate [kodlamaio.hrms.business.adapters.oAuth2.google.GoogleLoginHandler]: Constructor threw exception
	at org.springframework.beans.BeanUtils.instantiateClass(BeanUtils.java:223)
	at org.springframework.beans.factory.support.SimpleInstantiationStrategy.instantiate(SimpleInstantiationStrategy.java:87)
	at org.springframework.beans.factory.support.AbstractAutowireCapableBeanFactory.instantiateBean(AbstractAutowireCapableBeanFactory.java:1300)
	... 22 common frames omitted
Caused by: com.google.api.client.auth.oauth2.TokenResponseException: 400 Bad Request
POST https://oauth2.googleapis.com/token
{
  "error" : "invalid_grant",
  "error_description" : "Malformed auth code."
}
	at com.google.api.client.auth.oauth2.TokenResponseException.from(TokenResponseException.java:105)
	at com.google.api.client.auth.oauth2.TokenRequest.executeUnparsed(TokenRequest.java:326)
	at com.google.api.client.googleapis.auth.oauth2.GoogleAuthorizationCodeTokenRequest.execute(GoogleAuthorizationCodeTokenRequest.java:157)
	at kodlamaio.hrms.business.adapters.oAuth2.google.GoogleLoginHandler.<init>(GoogleLoginHandler.java:35)
	at java.base/jdk.internal.reflect.NativeConstructorAccessorImpl.newInstance0(Native Method)
	at java.base/jdk.internal.reflect.NativeConstructorAccessorImpl.newInstance(NativeConstructorAccessorImpl.java:77)
	at java.base/jdk.internal.reflect.DelegatingConstructorAccessorImpl.newInstance(DelegatingConstructorAccessorImpl.java:45)
	at java.base/java.lang.reflect.Constructor.newInstanceWithCaller(Constructor.java:499)
	at java.base/java.lang.reflect.Constructor.newInstance(Constructor.java:480)
	at org.springframework.beans.BeanUtils.instantiateClass(BeanUtils.java:197)
	... 24 common frames omitted
2023-01-27 20:09:36,864 INFO [background-preinit] org.hibernate.validator.internal.util.Version: HV000001: Hibernate Validator 8.0.0.Final
2023-01-27 20:09:36,938 INFO [restartedMain] org.springframework.boot.StartupInfoLogger: Starting HrmsApplication using Java 17.0.4.1 with PID 10972 (C:\Users\EGIN\git\humanResourceManagementSystem13012023\hrms\target\classes started by EGIN in C:\Users\EGIN\git\humanResourceManagementSystem13012023\hrms)
2023-01-27 20:09:36,938 DEBUG [restartedMain] org.springframework.boot.StartupInfoLogger: Running with Spring Boot v3.0.2, Spring v6.0.4
2023-01-27 20:09:36,939 INFO [restartedMain] org.springframework.boot.SpringApplication: No active profile set, falling back to 1 default profile: "default"
2023-01-27 20:09:37,004 INFO [restartedMain] org.springframework.boot.logging.DeferredLog: Devtools property defaults active! Set 'spring.devtools.add-properties' to 'false' to disable
2023-01-27 20:09:37,005 INFO [restartedMain] org.springframework.boot.logging.DeferredLog: For additional web related logging consider setting the 'logging.level.web' property to 'DEBUG'
2023-01-27 20:09:37,927 INFO [restartedMain] org.springframework.data.repository.config.RepositoryConfigurationDelegate: Bootstrapping Spring Data JPA repositories in DEFAULT mode.
2023-01-27 20:09:38,068 INFO [restartedMain] org.springframework.data.repository.config.RepositoryConfigurationDelegate: Finished Spring Data repository scanning in 130 ms. Found 17 JPA repository interfaces.
2023-01-27 20:09:39,222 INFO [restartedMain] org.springframework.boot.web.embedded.tomcat.TomcatWebServer: Tomcat initialized with port(s): 8080 (http)
2023-01-27 20:09:39,236 INFO [restartedMain] org.apache.juli.logging.DirectJDKLog: Initializing ProtocolHandler ["http-nio-8080"]
2023-01-27 20:09:39,237 INFO [restartedMain] org.apache.juli.logging.DirectJDKLog: Starting service [Tomcat]
2023-01-27 20:09:39,238 INFO [restartedMain] org.apache.juli.logging.DirectJDKLog: Starting Servlet engine: [Apache Tomcat/10.1.5]
2023-01-27 20:09:39,309 INFO [restartedMain] org.apache.juli.logging.DirectJDKLog: Initializing Spring embedded WebApplicationContext
2023-01-27 20:09:39,312 INFO [restartedMain] org.springframework.boot.web.servlet.context.ServletWebServerApplicationContext: Root WebApplicationContext: initialization completed in 2304 ms
2023-01-27 20:09:39,521 INFO [restartedMain] org.hibernate.jpa.internal.util.LogHelper: HHH000204: Processing PersistenceUnitInfo [name: default]
2023-01-27 20:09:39,588 INFO [restartedMain] org.hibernate.Version: HHH000412: Hibernate ORM core version 6.1.6.Final
2023-01-27 20:09:39,787 WARN [restartedMain] org.hibernate.jpa.boot.internal.EntityManagerFactoryBuilderImpl: HHH90000021: Encountered deprecated setting [javax.persistence.validation.mode], use [jakarta.persistence.validation.mode] instead
2023-01-27 20:09:39,812 WARN [restartedMain] org.hibernate.boot.internal.MetadataBuilderImpl$MetadataBuildingOptionsImpl: HHH90000021: Encountered deprecated setting [javax.persistence.sharedCache.mode], use [jakarta.persistence.sharedCache.mode] instead
2023-01-27 20:09:39,934 INFO [restartedMain] com.zaxxer.hikari.HikariDataSource: HikariPool-1 - Starting...
2023-01-27 20:09:40,242 INFO [restartedMain] com.zaxxer.hikari.pool.HikariPool: HikariPool-1 - Added connection org.postgresql.jdbc.PgConnection@c5d2c48
2023-01-27 20:09:40,245 INFO [restartedMain] com.zaxxer.hikari.HikariDataSource: HikariPool-1 - Start completed.
2023-01-27 20:09:40,301 INFO [restartedMain] org.hibernate.engine.jdbc.dialect.internal.DialectFactoryImpl: HHH000400: Using dialect: org.hibernate.dialect.PostgreSQLDialect
2023-01-27 20:09:41,625 INFO [restartedMain] org.hibernate.engine.transaction.jta.platform.internal.JtaPlatformInitiator: HHH000490: Using JtaPlatform implementation: [org.hibernate.engine.transaction.jta.platform.internal.NoJtaPlatform]
2023-01-27 20:09:41,634 INFO [restartedMain] org.springframework.orm.jpa.AbstractEntityManagerFactoryBean: Initialized JPA EntityManagerFactory for persistence unit 'default'
2023-01-27 20:09:42,068 DEBUG [restartedMain] org.springframework.web.filter.GenericFilterBean: Filter 'jwtAuthenticationFilter' configured for use
2023-01-27 20:09:42,661 WARN [restartedMain] org.springframework.context.support.AbstractApplicationContext: Exception encountered during context initialization - cancelling refresh attempt: org.springframework.beans.factory.UnsatisfiedDependencyException: Error creating bean with name 'authManager' defined in file [C:\Users\EGIN\git\humanResourceManagementSystem13012023\hrms\target\classes\kodlamaio\hrms\business\concretes\AuthManager.class]: Unsatisfied dependency expressed through constructor parameter 9: Error creating bean with name 'authenticationManager' defined in class path resource [kodlamaio/hrms/core/utilities/security/ApplicationConfig.class]: Failed to instantiate [org.springframework.security.authentication.AuthenticationManager]: Factory method 'authenticationManager' threw exception with message: Error creating bean with name 'securityConfiguration' defined in file [C:\Users\EGIN\git\humanResourceManagementSystem13012023\hrms\target\classes\kodlamaio\hrms\business\securityConfig\SecurityConfiguration.class]: Unsatisfied dependency expressed through constructor parameter 2: Error creating bean with name 'authorizedClientService' defined in class path resource [org/springframework/boot/autoconfigure/security/oauth2/client/servlet/OAuth2WebSecurityConfiguration.class]: Unsatisfied dependency expressed through method 'authorizedClientService' parameter 0: Error creating bean with name 'clientRegistrationRepository' defined in class path resource [org/springframework/boot/autoconfigure/security/oauth2/client/servlet/OAuth2ClientRegistrationRepositoryConfiguration.class]: Unsatisfied dependency expressed through method 'clientRegistrationRepository' parameter 0: No qualifying bean of type 'org.springframework.boot.autoconfigure.security.oauth2.client.OAuth2ClientProperties' available: expected single matching bean but found 2: oAuth2ClientProperties,spring.security.oauth2.client-org.springframework.boot.autoconfigure.security.oauth2.client.OAuth2ClientProperties
2023-01-27 20:09:42,662 INFO [restartedMain] org.springframework.orm.jpa.AbstractEntityManagerFactoryBean: Closing JPA EntityManagerFactory for persistence unit 'default'
2023-01-27 20:09:42,666 INFO [restartedMain] com.zaxxer.hikari.HikariDataSource: HikariPool-1 - Shutdown initiated...
2023-01-27 20:09:42,670 INFO [restartedMain] com.zaxxer.hikari.HikariDataSource: HikariPool-1 - Shutdown completed.
2023-01-27 20:09:42,674 INFO [restartedMain] org.apache.juli.logging.DirectJDKLog: Stopping service [Tomcat]
2023-01-27 20:09:42,687 INFO [restartedMain] org.springframework.boot.autoconfigure.logging.ConditionEvaluationReportLogger: 

Error starting ApplicationContext. To display the condition evaluation report re-run your application with 'debug' enabled.
2023-01-27 20:09:42,714 ERROR [restartedMain] org.springframework.boot.diagnostics.LoggingFailureAnalysisReporter: 

***************************
APPLICATION FAILED TO START
***************************

Description:

Parameter 0 of method clientRegistrationRepository in org.springframework.boot.autoconfigure.security.oauth2.client.servlet.OAuth2ClientRegistrationRepositoryConfiguration required a single bean, but 2 were found:
	- oAuth2ClientProperties: defined by method 'oAuth2ClientProperties' in class path resource [kodlamaio/hrms/business/securityConfig/SecurityConfiguration.class]
	- spring.security.oauth2.client-org.springframework.boot.autoconfigure.security.oauth2.client.OAuth2ClientProperties: defined in unknown location


Action:

Consider marking one of the beans as @Primary, updating the consumer to accept multiple beans, or using @Qualifier to identify the bean that should be consumed

2023-01-27 20:10:52,620 INFO [background-preinit] org.hibernate.validator.internal.util.Version: HV000001: Hibernate Validator 8.0.0.Final
2023-01-27 20:10:52,687 INFO [restartedMain] org.springframework.boot.StartupInfoLogger: Starting HrmsApplication using Java 17.0.4.1 with PID 23432 (C:\Users\EGIN\git\humanResourceManagementSystem13012023\hrms\target\classes started by EGIN in C:\Users\EGIN\git\humanResourceManagementSystem13012023\hrms)
2023-01-27 20:10:52,687 DEBUG [restartedMain] org.springframework.boot.StartupInfoLogger: Running with Spring Boot v3.0.2, Spring v6.0.4
2023-01-27 20:10:52,688 INFO [restartedMain] org.springframework.boot.SpringApplication: No active profile set, falling back to 1 default profile: "default"
2023-01-27 20:10:52,743 INFO [restartedMain] org.springframework.boot.logging.DeferredLog: Devtools property defaults active! Set 'spring.devtools.add-properties' to 'false' to disable
2023-01-27 20:10:52,744 INFO [restartedMain] org.springframework.boot.logging.DeferredLog: For additional web related logging consider setting the 'logging.level.web' property to 'DEBUG'
2023-01-27 20:10:53,639 INFO [restartedMain] org.springframework.data.repository.config.RepositoryConfigurationDelegate: Bootstrapping Spring Data JPA repositories in DEFAULT mode.
2023-01-27 20:10:53,779 INFO [restartedMain] org.springframework.data.repository.config.RepositoryConfigurationDelegate: Finished Spring Data repository scanning in 129 ms. Found 17 JPA repository interfaces.
2023-01-27 20:10:54,941 INFO [restartedMain] org.springframework.boot.web.embedded.tomcat.TomcatWebServer: Tomcat initialized with port(s): 8080 (http)
2023-01-27 20:10:54,953 INFO [restartedMain] org.apache.juli.logging.DirectJDKLog: Initializing ProtocolHandler ["http-nio-8080"]
2023-01-27 20:10:54,954 INFO [restartedMain] org.apache.juli.logging.DirectJDKLog: Starting service [Tomcat]
2023-01-27 20:10:54,954 INFO [restartedMain] org.apache.juli.logging.DirectJDKLog: Starting Servlet engine: [Apache Tomcat/10.1.5]
2023-01-27 20:10:55,029 INFO [restartedMain] org.apache.juli.logging.DirectJDKLog: Initializing Spring embedded WebApplicationContext
2023-01-27 20:10:55,032 INFO [restartedMain] org.springframework.boot.web.servlet.context.ServletWebServerApplicationContext: Root WebApplicationContext: initialization completed in 2286 ms
2023-01-27 20:10:55,242 INFO [restartedMain] org.hibernate.jpa.internal.util.LogHelper: HHH000204: Processing PersistenceUnitInfo [name: default]
2023-01-27 20:10:55,293 INFO [restartedMain] org.hibernate.Version: HHH000412: Hibernate ORM core version 6.1.6.Final
2023-01-27 20:10:55,440 WARN [restartedMain] org.hibernate.jpa.boot.internal.EntityManagerFactoryBuilderImpl: HHH90000021: Encountered deprecated setting [javax.persistence.validation.mode], use [jakarta.persistence.validation.mode] instead
2023-01-27 20:10:55,466 WARN [restartedMain] org.hibernate.boot.internal.MetadataBuilderImpl$MetadataBuildingOptionsImpl: HHH90000021: Encountered deprecated setting [javax.persistence.sharedCache.mode], use [jakarta.persistence.sharedCache.mode] instead
2023-01-27 20:10:55,592 INFO [restartedMain] com.zaxxer.hikari.HikariDataSource: HikariPool-1 - Starting...
2023-01-27 20:10:55,804 INFO [restartedMain] com.zaxxer.hikari.pool.HikariPool: HikariPool-1 - Added connection org.postgresql.jdbc.PgConnection@25003f64
2023-01-27 20:10:55,808 INFO [restartedMain] com.zaxxer.hikari.HikariDataSource: HikariPool-1 - Start completed.
2023-01-27 20:10:55,846 INFO [restartedMain] org.hibernate.engine.jdbc.dialect.internal.DialectFactoryImpl: HHH000400: Using dialect: org.hibernate.dialect.PostgreSQLDialect
2023-01-27 20:10:57,143 INFO [restartedMain] org.hibernate.engine.transaction.jta.platform.internal.JtaPlatformInitiator: HHH000490: Using JtaPlatform implementation: [org.hibernate.engine.transaction.jta.platform.internal.NoJtaPlatform]
2023-01-27 20:10:57,151 INFO [restartedMain] org.springframework.orm.jpa.AbstractEntityManagerFactoryBean: Initialized JPA EntityManagerFactory for persistence unit 'default'
2023-01-27 20:10:57,587 DEBUG [restartedMain] org.springframework.web.filter.GenericFilterBean: Filter 'jwtAuthenticationFilter' configured for use
2023-01-27 20:10:58,195 WARN [restartedMain] org.springframework.context.support.AbstractApplicationContext: Exception encountered during context initialization - cancelling refresh attempt: org.springframework.beans.factory.UnsatisfiedDependencyException: Error creating bean with name 'authManager' defined in file [C:\Users\EGIN\git\humanResourceManagementSystem13012023\hrms\target\classes\kodlamaio\hrms\business\concretes\AuthManager.class]: Unsatisfied dependency expressed through constructor parameter 10: No qualifying bean of type 'kodlamaio.hrms.business.adapters.oAuth2.OAuth2LoginHandler' available: expected at least 1 bean which qualifies as autowire candidate. Dependency annotations: {}
2023-01-27 20:10:58,196 INFO [restartedMain] org.springframework.orm.jpa.AbstractEntityManagerFactoryBean: Closing JPA EntityManagerFactory for persistence unit 'default'
2023-01-27 20:10:58,201 INFO [restartedMain] com.zaxxer.hikari.HikariDataSource: HikariPool-1 - Shutdown initiated...
2023-01-27 20:10:58,205 INFO [restartedMain] com.zaxxer.hikari.HikariDataSource: HikariPool-1 - Shutdown completed.
2023-01-27 20:10:58,226 INFO [restartedMain] org.apache.juli.logging.DirectJDKLog: Stopping service [Tomcat]
2023-01-27 20:10:58,242 INFO [restartedMain] org.springframework.boot.autoconfigure.logging.ConditionEvaluationReportLogger: 

Error starting ApplicationContext. To display the condition evaluation report re-run your application with 'debug' enabled.
2023-01-27 20:10:58,286 ERROR [restartedMain] org.springframework.boot.diagnostics.LoggingFailureAnalysisReporter: 

***************************
APPLICATION FAILED TO START
***************************

Description:

Parameter 10 of constructor in kodlamaio.hrms.business.concretes.AuthManager required a bean of type 'kodlamaio.hrms.business.adapters.oAuth2.OAuth2LoginHandler' that could not be found.


Action:

Consider defining a bean of type 'kodlamaio.hrms.business.adapters.oAuth2.OAuth2LoginHandler' in your configuration.

2023-01-27 20:11:52,487 INFO [background-preinit] org.hibernate.validator.internal.util.Version: HV000001: Hibernate Validator 8.0.0.Final
2023-01-27 20:11:52,547 INFO [restartedMain] org.springframework.boot.StartupInfoLogger: Starting HrmsApplication using Java 17.0.4.1 with PID 29532 (C:\Users\EGIN\git\humanResourceManagementSystem13012023\hrms\target\classes started by EGIN in C:\Users\EGIN\git\humanResourceManagementSystem13012023\hrms)
2023-01-27 20:11:52,548 DEBUG [restartedMain] org.springframework.boot.StartupInfoLogger: Running with Spring Boot v3.0.2, Spring v6.0.4
2023-01-27 20:11:52,549 INFO [restartedMain] org.springframework.boot.SpringApplication: No active profile set, falling back to 1 default profile: "default"
2023-01-27 20:11:52,602 INFO [restartedMain] org.springframework.boot.logging.DeferredLog: Devtools property defaults active! Set 'spring.devtools.add-properties' to 'false' to disable
2023-01-27 20:11:52,602 INFO [restartedMain] org.springframework.boot.logging.DeferredLog: For additional web related logging consider setting the 'logging.level.web' property to 'DEBUG'
2023-01-27 20:11:53,443 INFO [restartedMain] org.springframework.data.repository.config.RepositoryConfigurationDelegate: Bootstrapping Spring Data JPA repositories in DEFAULT mode.
2023-01-27 20:11:53,571 INFO [restartedMain] org.springframework.data.repository.config.RepositoryConfigurationDelegate: Finished Spring Data repository scanning in 115 ms. Found 17 JPA repository interfaces.
2023-01-27 20:11:54,730 INFO [restartedMain] org.springframework.boot.web.embedded.tomcat.TomcatWebServer: Tomcat initialized with port(s): 8080 (http)
2023-01-27 20:11:54,743 INFO [restartedMain] org.apache.juli.logging.DirectJDKLog: Initializing ProtocolHandler ["http-nio-8080"]
2023-01-27 20:11:54,745 INFO [restartedMain] org.apache.juli.logging.DirectJDKLog: Starting service [Tomcat]
2023-01-27 20:11:54,745 INFO [restartedMain] org.apache.juli.logging.DirectJDKLog: Starting Servlet engine: [Apache Tomcat/10.1.5]
2023-01-27 20:11:54,831 INFO [restartedMain] org.apache.juli.logging.DirectJDKLog: Initializing Spring embedded WebApplicationContext
2023-01-27 20:11:54,833 INFO [restartedMain] org.springframework.boot.web.servlet.context.ServletWebServerApplicationContext: Root WebApplicationContext: initialization completed in 2228 ms
2023-01-27 20:11:55,063 INFO [restartedMain] org.hibernate.jpa.internal.util.LogHelper: HHH000204: Processing PersistenceUnitInfo [name: default]
2023-01-27 20:11:55,118 INFO [restartedMain] org.hibernate.Version: HHH000412: Hibernate ORM core version 6.1.6.Final
2023-01-27 20:11:55,259 WARN [restartedMain] org.hibernate.jpa.boot.internal.EntityManagerFactoryBuilderImpl: HHH90000021: Encountered deprecated setting [javax.persistence.validation.mode], use [jakarta.persistence.validation.mode] instead
2023-01-27 20:11:55,287 WARN [restartedMain] org.hibernate.boot.internal.MetadataBuilderImpl$MetadataBuildingOptionsImpl: HHH90000021: Encountered deprecated setting [javax.persistence.sharedCache.mode], use [jakarta.persistence.sharedCache.mode] instead
2023-01-27 20:11:55,395 INFO [restartedMain] com.zaxxer.hikari.HikariDataSource: HikariPool-1 - Starting...
2023-01-27 20:11:55,587 INFO [restartedMain] com.zaxxer.hikari.pool.HikariPool: HikariPool-1 - Added connection org.postgresql.jdbc.PgConnection@1a602479
2023-01-27 20:11:55,590 INFO [restartedMain] com.zaxxer.hikari.HikariDataSource: HikariPool-1 - Start completed.
2023-01-27 20:11:55,622 INFO [restartedMain] org.hibernate.engine.jdbc.dialect.internal.DialectFactoryImpl: HHH000400: Using dialect: org.hibernate.dialect.PostgreSQLDialect
2023-01-27 20:11:56,907 INFO [restartedMain] org.hibernate.engine.transaction.jta.platform.internal.JtaPlatformInitiator: HHH000490: Using JtaPlatform implementation: [org.hibernate.engine.transaction.jta.platform.internal.NoJtaPlatform]
2023-01-27 20:11:56,915 INFO [restartedMain] org.springframework.orm.jpa.AbstractEntityManagerFactoryBean: Initialized JPA EntityManagerFactory for persistence unit 'default'
2023-01-27 20:11:57,364 DEBUG [restartedMain] org.springframework.web.filter.GenericFilterBean: Filter 'jwtAuthenticationFilter' configured for use
2023-01-27 20:11:58,508 WARN [restartedMain] org.springframework.boot.autoconfigure.orm.jpa.JpaBaseConfiguration$JpaWebConfiguration: spring.jpa.open-in-view is enabled by default. Therefore, database queries may be performed during view rendering. Explicitly configure spring.jpa.open-in-view to disable this warning
2023-01-27 20:11:58,909 WARN [restartedMain] org.springframework.context.support.AbstractApplicationContext: Exception encountered during context initialization - cancelling refresh attempt: org.springframework.beans.factory.UnsatisfiedDependencyException: Error creating bean with name 'org.springframework.security.config.annotation.web.configuration.WebSecurityConfiguration': Unsatisfied dependency expressed through method 'setFilterChains' parameter 0: Error creating bean with name 'securityFilterChain' defined in class path resource [kodlamaio/hrms/business/securityConfig/SecurityConfiguration.class]: Failed to instantiate [org.springframework.security.web.SecurityFilterChain]: Factory method 'securityFilterChain' threw exception with message: defaultTarget must start with '/' or with 'http(s)'
2023-01-27 20:11:58,912 INFO [restartedMain] org.springframework.orm.jpa.AbstractEntityManagerFactoryBean: Closing JPA EntityManagerFactory for persistence unit 'default'
2023-01-27 20:11:58,917 INFO [restartedMain] com.zaxxer.hikari.HikariDataSource: HikariPool-1 - Shutdown initiated...
2023-01-27 20:11:58,921 INFO [restartedMain] com.zaxxer.hikari.HikariDataSource: HikariPool-1 - Shutdown completed.
2023-01-27 20:11:58,925 INFO [restartedMain] org.apache.juli.logging.DirectJDKLog: Stopping service [Tomcat]
2023-01-27 20:11:58,939 INFO [restartedMain] org.springframework.boot.autoconfigure.logging.ConditionEvaluationReportLogger: 

Error starting ApplicationContext. To display the condition evaluation report re-run your application with 'debug' enabled.
2023-01-27 20:11:58,961 ERROR [restartedMain] org.springframework.boot.SpringApplication: Application run failed
org.springframework.beans.factory.UnsatisfiedDependencyException: Error creating bean with name 'org.springframework.security.config.annotation.web.configuration.WebSecurityConfiguration': Unsatisfied dependency expressed through method 'setFilterChains' parameter 0: Error creating bean with name 'securityFilterChain' defined in class path resource [kodlamaio/hrms/business/securityConfig/SecurityConfiguration.class]: Failed to instantiate [org.springframework.security.web.SecurityFilterChain]: Factory method 'securityFilterChain' threw exception with message: defaultTarget must start with '/' or with 'http(s)'
	at org.springframework.beans.factory.annotation.AutowiredAnnotationBeanPostProcessor$AutowiredMethodElement.resolveMethodArguments(AutowiredAnnotationBeanPostProcessor.java:817)
	at org.springframework.beans.factory.annotation.AutowiredAnnotationBeanPostProcessor$AutowiredMethodElement.inject(AutowiredAnnotationBeanPostProcessor.java:769)
	at org.springframework.beans.factory.annotation.InjectionMetadata.inject(InjectionMetadata.java:133)
	at org.springframework.beans.factory.annotation.AutowiredAnnotationBeanPostProcessor.postProcessProperties(AutowiredAnnotationBeanPostProcessor.java:481)
	at org.springframework.beans.factory.support.AbstractAutowireCapableBeanFactory.populateBean(AbstractAutowireCapableBeanFactory.java:1397)
	at org.springframework.beans.factory.support.AbstractAutowireCapableBeanFactory.doCreateBean(AbstractAutowireCapableBeanFactory.java:598)
	at org.springframework.beans.factory.support.AbstractAutowireCapableBeanFactory.createBean(AbstractAutowireCapableBeanFactory.java:521)
	at org.springframework.beans.factory.support.AbstractBeanFactory.lambda$doGetBean$0(AbstractBeanFactory.java:326)
	at org.springframework.beans.factory.support.DefaultSingletonBeanRegistry.getSingleton(DefaultSingletonBeanRegistry.java:234)
	at org.springframework.beans.factory.support.AbstractBeanFactory.doGetBean(AbstractBeanFactory.java:324)
	at org.springframework.beans.factory.support.AbstractBeanFactory.getBean(AbstractBeanFactory.java:200)
	at org.springframework.beans.factory.support.DefaultListableBeanFactory.preInstantiateSingletons(DefaultListableBeanFactory.java:961)
	at org.springframework.context.support.AbstractApplicationContext.finishBeanFactoryInitialization(AbstractApplicationContext.java:915)
	at org.springframework.context.support.AbstractApplicationContext.refresh(AbstractApplicationContext.java:584)
	at org.springframework.boot.web.servlet.context.ServletWebServerApplicationContext.refresh(ServletWebServerApplicationContext.java:146)
	at org.springframework.boot.SpringApplication.refresh(SpringApplication.java:730)
	at org.springframework.boot.SpringApplication.refreshContext(SpringApplication.java:432)
	at org.springframework.boot.SpringApplication.run(SpringApplication.java:308)
	at org.springframework.boot.SpringApplication.run(SpringApplication.java:1302)
	at org.springframework.boot.SpringApplication.run(SpringApplication.java:1291)
	at kodlamaio.hrms.HrmsApplication.main(HrmsApplication.java:17)
	at java.base/jdk.internal.reflect.NativeMethodAccessorImpl.invoke0(Native Method)
	at java.base/jdk.internal.reflect.NativeMethodAccessorImpl.invoke(NativeMethodAccessorImpl.java:77)
	at java.base/jdk.internal.reflect.DelegatingMethodAccessorImpl.invoke(DelegatingMethodAccessorImpl.java:43)
	at java.base/java.lang.reflect.Method.invoke(Method.java:568)
	at org.springframework.boot.devtools.restart.RestartLauncher.run(RestartLauncher.java:49)
Caused by: org.springframework.beans.factory.BeanCreationException: Error creating bean with name 'securityFilterChain' defined in class path resource [kodlamaio/hrms/business/securityConfig/SecurityConfiguration.class]: Failed to instantiate [org.springframework.security.web.SecurityFilterChain]: Factory method 'securityFilterChain' threw exception with message: defaultTarget must start with '/' or with 'http(s)'
	at org.springframework.beans.factory.support.ConstructorResolver.instantiate(ConstructorResolver.java:657)
	at org.springframework.beans.factory.support.ConstructorResolver.instantiateUsingFactoryMethod(ConstructorResolver.java:645)
	at org.springframework.beans.factory.support.AbstractAutowireCapableBeanFactory.instantiateUsingFactoryMethod(AbstractAutowireCapableBeanFactory.java:1324)
	at org.springframework.beans.factory.support.AbstractAutowireCapableBeanFactory.createBeanInstance(AbstractAutowireCapableBeanFactory.java:1161)
	at org.springframework.beans.factory.support.AbstractAutowireCapableBeanFactory.doCreateBean(AbstractAutowireCapableBeanFactory.java:561)
	at org.springframework.beans.factory.support.AbstractAutowireCapableBeanFactory.createBean(AbstractAutowireCapableBeanFactory.java:521)
	at org.springframework.beans.factory.support.AbstractBeanFactory.lambda$doGetBean$0(AbstractBeanFactory.java:326)
	at org.springframework.beans.factory.support.DefaultSingletonBeanRegistry.getSingleton(DefaultSingletonBeanRegistry.java:234)
	at org.springframework.beans.factory.support.AbstractBeanFactory.doGetBean(AbstractBeanFactory.java:324)
	at org.springframework.beans.factory.support.AbstractBeanFactory.getBean(AbstractBeanFactory.java:200)
	at org.springframework.beans.factory.config.DependencyDescriptor.resolveCandidate(DependencyDescriptor.java:254)
	at org.springframework.beans.factory.support.DefaultListableBeanFactory.addCandidateEntry(DefaultListableBeanFactory.java:1621)
	at org.springframework.beans.factory.support.DefaultListableBeanFactory.findAutowireCandidates(DefaultListableBeanFactory.java:1585)
	at org.springframework.beans.factory.support.DefaultListableBeanFactory.resolveMultipleBeans(DefaultListableBeanFactory.java:1476)
	at org.springframework.beans.factory.support.DefaultListableBeanFactory.doResolveDependency(DefaultListableBeanFactory.java:1363)
	at org.springframework.beans.factory.support.DefaultListableBeanFactory.resolveDependency(DefaultListableBeanFactory.java:1325)
	at org.springframework.beans.factory.annotation.AutowiredAnnotationBeanPostProcessor$AutowiredMethodElement.resolveMethodArguments(AutowiredAnnotationBeanPostProcessor.java:809)
	... 25 common frames omitted
Caused by: org.springframework.beans.BeanInstantiationException: Failed to instantiate [org.springframework.security.web.SecurityFilterChain]: Factory method 'securityFilterChain' threw exception with message: defaultTarget must start with '/' or with 'http(s)'
	at org.springframework.beans.factory.support.SimpleInstantiationStrategy.instantiate(SimpleInstantiationStrategy.java:171)
	at org.springframework.beans.factory.support.ConstructorResolver.instantiate(ConstructorResolver.java:653)
	... 41 common frames omitted
Caused by: java.lang.IllegalArgumentException: defaultTarget must start with '/' or with 'http(s)'
	at org.springframework.util.Assert.isTrue(Assert.java:122)
	at org.springframework.security.web.authentication.AbstractAuthenticationTargetUrlRequestHandler.setDefaultTargetUrl(AbstractAuthenticationTargetUrlRequestHandler.java:157)
	at org.springframework.security.config.annotation.web.configurers.AbstractAuthenticationFilterConfigurer.defaultSuccessUrl(AbstractAuthenticationFilterConfigurer.java:131)
	at org.springframework.security.config.annotation.web.configurers.AbstractAuthenticationFilterConfigurer.defaultSuccessUrl(AbstractAuthenticationFilterConfigurer.java:116)
	at kodlamaio.hrms.business.securityConfig.SecurityConfiguration.securityFilterChain(SecurityConfiguration.java:42)
	at kodlamaio.hrms.business.securityConfig.SecurityConfiguration$$SpringCGLIB$$0.CGLIB$securityFilterChain$0(<generated>)
	at kodlamaio.hrms.business.securityConfig.SecurityConfiguration$$SpringCGLIB$$2.invoke(<generated>)
	at org.springframework.cglib.proxy.MethodProxy.invokeSuper(MethodProxy.java:258)
	at org.springframework.context.annotation.ConfigurationClassEnhancer$BeanMethodInterceptor.intercept(ConfigurationClassEnhancer.java:331)
	at kodlamaio.hrms.business.securityConfig.SecurityConfiguration$$SpringCGLIB$$0.securityFilterChain(<generated>)
	at java.base/jdk.internal.reflect.NativeMethodAccessorImpl.invoke0(Native Method)
	at java.base/jdk.internal.reflect.NativeMethodAccessorImpl.invoke(NativeMethodAccessorImpl.java:77)
	at java.base/jdk.internal.reflect.DelegatingMethodAccessorImpl.invoke(DelegatingMethodAccessorImpl.java:43)
	at java.base/java.lang.reflect.Method.invoke(Method.java:568)
	at org.springframework.beans.factory.support.SimpleInstantiationStrategy.instantiate(SimpleInstantiationStrategy.java:139)
	... 42 common frames omitted
2023-01-27 20:12:31,869 INFO [background-preinit] org.hibernate.validator.internal.util.Version: HV000001: Hibernate Validator 8.0.0.Final
2023-01-27 20:12:31,938 INFO [restartedMain] org.springframework.boot.StartupInfoLogger: Starting HrmsApplication using Java 17.0.4.1 with PID 19492 (C:\Users\EGIN\git\humanResourceManagementSystem13012023\hrms\target\classes started by EGIN in C:\Users\EGIN\git\humanResourceManagementSystem13012023\hrms)
2023-01-27 20:12:31,939 DEBUG [restartedMain] org.springframework.boot.StartupInfoLogger: Running with Spring Boot v3.0.2, Spring v6.0.4
2023-01-27 20:12:31,940 INFO [restartedMain] org.springframework.boot.SpringApplication: No active profile set, falling back to 1 default profile: "default"
2023-01-27 20:12:32,002 INFO [restartedMain] org.springframework.boot.logging.DeferredLog: Devtools property defaults active! Set 'spring.devtools.add-properties' to 'false' to disable
2023-01-27 20:12:32,003 INFO [restartedMain] org.springframework.boot.logging.DeferredLog: For additional web related logging consider setting the 'logging.level.web' property to 'DEBUG'
2023-01-27 20:12:32,881 INFO [restartedMain] org.springframework.data.repository.config.RepositoryConfigurationDelegate: Bootstrapping Spring Data JPA repositories in DEFAULT mode.
2023-01-27 20:12:33,029 INFO [restartedMain] org.springframework.data.repository.config.RepositoryConfigurationDelegate: Finished Spring Data repository scanning in 139 ms. Found 17 JPA repository interfaces.
2023-01-27 20:12:34,217 INFO [restartedMain] org.springframework.boot.web.embedded.tomcat.TomcatWebServer: Tomcat initialized with port(s): 8080 (http)
2023-01-27 20:12:34,229 INFO [restartedMain] org.apache.juli.logging.DirectJDKLog: Initializing ProtocolHandler ["http-nio-8080"]
2023-01-27 20:12:34,230 INFO [restartedMain] org.apache.juli.logging.DirectJDKLog: Starting service [Tomcat]
2023-01-27 20:12:34,230 INFO [restartedMain] org.apache.juli.logging.DirectJDKLog: Starting Servlet engine: [Apache Tomcat/10.1.5]
2023-01-27 20:12:34,307 INFO [restartedMain] org.apache.juli.logging.DirectJDKLog: Initializing Spring embedded WebApplicationContext
2023-01-27 20:12:34,309 INFO [restartedMain] org.springframework.boot.web.servlet.context.ServletWebServerApplicationContext: Root WebApplicationContext: initialization completed in 2303 ms
2023-01-27 20:12:34,524 INFO [restartedMain] org.hibernate.jpa.internal.util.LogHelper: HHH000204: Processing PersistenceUnitInfo [name: default]
2023-01-27 20:12:34,597 INFO [restartedMain] org.hibernate.Version: HHH000412: Hibernate ORM core version 6.1.6.Final
2023-01-27 20:12:34,753 WARN [restartedMain] org.hibernate.jpa.boot.internal.EntityManagerFactoryBuilderImpl: HHH90000021: Encountered deprecated setting [javax.persistence.validation.mode], use [jakarta.persistence.validation.mode] instead
2023-01-27 20:12:34,786 WARN [restartedMain] org.hibernate.boot.internal.MetadataBuilderImpl$MetadataBuildingOptionsImpl: HHH90000021: Encountered deprecated setting [javax.persistence.sharedCache.mode], use [jakarta.persistence.sharedCache.mode] instead
2023-01-27 20:12:34,911 INFO [restartedMain] com.zaxxer.hikari.HikariDataSource: HikariPool-1 - Starting...
2023-01-27 20:12:35,191 INFO [restartedMain] com.zaxxer.hikari.pool.HikariPool: HikariPool-1 - Added connection org.postgresql.jdbc.PgConnection@c5d2c48
2023-01-27 20:12:35,194 INFO [restartedMain] com.zaxxer.hikari.HikariDataSource: HikariPool-1 - Start completed.
2023-01-27 20:12:35,222 INFO [restartedMain] org.hibernate.engine.jdbc.dialect.internal.DialectFactoryImpl: HHH000400: Using dialect: org.hibernate.dialect.PostgreSQLDialect
2023-01-27 20:12:36,541 INFO [restartedMain] org.hibernate.engine.transaction.jta.platform.internal.JtaPlatformInitiator: HHH000490: Using JtaPlatform implementation: [org.hibernate.engine.transaction.jta.platform.internal.NoJtaPlatform]
2023-01-27 20:12:36,553 INFO [restartedMain] org.springframework.orm.jpa.AbstractEntityManagerFactoryBean: Initialized JPA EntityManagerFactory for persistence unit 'default'
2023-01-27 20:12:37,002 DEBUG [restartedMain] org.springframework.web.filter.GenericFilterBean: Filter 'jwtAuthenticationFilter' configured for use
2023-01-27 20:12:38,472 WARN [restartedMain] org.springframework.boot.autoconfigure.orm.jpa.JpaBaseConfiguration$JpaWebConfiguration: spring.jpa.open-in-view is enabled by default. Therefore, database queries may be performed during view rendering. Explicitly configure spring.jpa.open-in-view to disable this warning
2023-01-27 20:12:39,178 INFO [restartedMain] org.springframework.security.web.DefaultSecurityFilterChain: Will secure any request with [org.springframework.security.web.session.DisableEncodeUrlFilter@3afd423c, org.springframework.security.web.context.request.async.WebAsyncManagerIntegrationFilter@7d2b16a5, org.springframework.security.web.context.SecurityContextHolderFilter@a9559a9, org.springframework.security.web.header.HeaderWriterFilter@1a9f5628, org.springframework.security.web.authentication.logout.LogoutFilter@56258a7a, org.springframework.security.oauth2.client.web.OAuth2AuthorizationRequestRedirectFilter@4c017214, org.springframework.security.oauth2.client.web.OAuth2LoginAuthenticationFilter@403f03e3, kodlamaio.hrms.core.utilities.security.jwt.JwtAuthenticationFilter@1dd828da, org.springframework.security.web.authentication.UsernamePasswordAuthenticationFilter@129e84c7, org.springframework.security.web.authentication.ui.DefaultLoginPageGeneratingFilter@2565075f, org.springframework.security.web.authentication.ui.DefaultLogoutPageGeneratingFilter@45b332f8, org.springframework.security.web.savedrequest.RequestCacheAwareFilter@cbe3ac5, org.springframework.security.web.servletapi.SecurityContextHolderAwareRequestFilter@3c18c81a, org.springframework.security.web.authentication.AnonymousAuthenticationFilter@16f08bd0, org.springframework.security.web.session.SessionManagementFilter@67c659, org.springframework.security.web.access.ExceptionTranslationFilter@98f34c0, org.springframework.security.web.access.intercept.AuthorizationFilter@24145645]
2023-01-27 20:12:39,716 INFO [restartedMain] org.springframework.boot.devtools.autoconfigure.OptionalLiveReloadServer: LiveReload server is running on port 35729
2023-01-27 20:12:39,741 INFO [restartedMain] org.apache.juli.logging.DirectJDKLog: Starting ProtocolHandler ["http-nio-8080"]
2023-01-27 20:12:39,790 INFO [restartedMain] org.springframework.boot.web.embedded.tomcat.TomcatWebServer: Tomcat started on port(s): 8080 (http) with context path ''
2023-01-27 20:12:39,811 INFO [restartedMain] org.springframework.boot.StartupInfoLogger: Started HrmsApplication in 8.235 seconds (process running for 8.973)
2023-01-27 20:12:39,817 INFO [restartedMain] kodlamaio.hrms.HrmsApplication: System started
2023-01-27 20:12:46,625 INFO [http-nio-8080-exec-1] org.apache.juli.logging.DirectJDKLog: Initializing Spring DispatcherServlet 'dispatcherServlet'
2023-01-27 20:12:46,625 INFO [http-nio-8080-exec-1] org.springframework.web.servlet.FrameworkServlet: Initializing Servlet 'dispatcherServlet'
2023-01-27 20:12:46,627 INFO [http-nio-8080-exec-1] org.springframework.web.servlet.FrameworkServlet: Completed initialization in 1 ms
2023-01-27 20:13:19,817 ERROR [http-nio-8080-exec-4] org.apache.juli.logging.DirectJDKLog: Servlet.service() for servlet [dispatcherServlet] in context with path [] threw exception [Request processing failed: java.lang.NullPointerException: Cannot invoke "org.springframework.security.core.Authentication.getPrincipal()" because "authentication" is null] with root cause
java.lang.NullPointerException: Cannot invoke "org.springframework.security.core.Authentication.getPrincipal()" because "authentication" is null
	at kodlamaio.hrms.webApi.Controllers.AuthController.registerEmployeeWithGoogle(AuthController.java:79)
	at java.base/jdk.internal.reflect.NativeMethodAccessorImpl.invoke0(Native Method)
	at java.base/jdk.internal.reflect.NativeMethodAccessorImpl.invoke(NativeMethodAccessorImpl.java:77)
	at java.base/jdk.internal.reflect.DelegatingMethodAccessorImpl.invoke(DelegatingMethodAccessorImpl.java:43)
	at java.base/java.lang.reflect.Method.invoke(Method.java:568)
	at org.springframework.web.method.support.InvocableHandlerMethod.doInvoke(InvocableHandlerMethod.java:207)
	at org.springframework.web.method.support.InvocableHandlerMethod.invokeForRequest(InvocableHandlerMethod.java:152)
	at org.springframework.web.servlet.mvc.method.annotation.ServletInvocableHandlerMethod.invokeAndHandle(ServletInvocableHandlerMethod.java:117)
	at org.springframework.web.servlet.mvc.method.annotation.RequestMappingHandlerAdapter.invokeHandlerMethod(RequestMappingHandlerAdapter.java:884)
	at org.springframework.web.servlet.mvc.method.annotation.RequestMappingHandlerAdapter.handleInternal(RequestMappingHandlerAdapter.java:797)
	at org.springframework.web.servlet.mvc.method.AbstractHandlerMethodAdapter.handle(AbstractHandlerMethodAdapter.java:87)
	at org.springframework.web.servlet.DispatcherServlet.doDispatch(DispatcherServlet.java:1080)
	at org.springframework.web.servlet.DispatcherServlet.doService(DispatcherServlet.java:973)
	at org.springframework.web.servlet.FrameworkServlet.processRequest(FrameworkServlet.java:1011)
	at org.springframework.web.servlet.FrameworkServlet.doGet(FrameworkServlet.java:903)
	at jakarta.servlet.http.HttpServlet.service(HttpServlet.java:705)
	at org.springframework.web.servlet.FrameworkServlet.service(FrameworkServlet.java:885)
	at jakarta.servlet.http.HttpServlet.service(HttpServlet.java:814)
	at org.apache.catalina.core.ApplicationFilterChain.internalDoFilter(ApplicationFilterChain.java:223)
	at org.apache.catalina.core.ApplicationFilterChain.doFilter(ApplicationFilterChain.java:158)
	at org.apache.tomcat.websocket.server.WsFilter.doFilter(WsFilter.java:53)
	at org.apache.catalina.core.ApplicationFilterChain.internalDoFilter(ApplicationFilterChain.java:185)
	at org.apache.catalina.core.ApplicationFilterChain.doFilter(ApplicationFilterChain.java:158)
	at org.springframework.web.filter.OncePerRequestFilter.doFilter(OncePerRequestFilter.java:110)
	at org.apache.catalina.core.ApplicationFilterChain.internalDoFilter(ApplicationFilterChain.java:185)
	at org.apache.catalina.core.ApplicationFilterChain.doFilter(ApplicationFilterChain.java:158)
	at org.springframework.security.web.FilterChainProxy.lambda$doFilterInternal$3(FilterChainProxy.java:231)
	at org.springframework.security.web.FilterChainProxy$VirtualFilterChain.doFilter(FilterChainProxy.java:365)
	at org.springframework.security.web.access.intercept.AuthorizationFilter.doFilter(AuthorizationFilter.java:100)
	at org.springframework.security.web.FilterChainProxy$VirtualFilterChain.doFilter(FilterChainProxy.java:374)
	at org.springframework.security.web.access.ExceptionTranslationFilter.doFilter(ExceptionTranslationFilter.java:126)
	at org.springframework.security.web.access.ExceptionTranslationFilter.doFilter(ExceptionTranslationFilter.java:120)
	at org.springframework.security.web.FilterChainProxy$VirtualFilterChain.doFilter(FilterChainProxy.java:374)
	at org.springframework.security.web.session.SessionManagementFilter.doFilter(SessionManagementFilter.java:131)
	at org.springframework.security.web.session.SessionManagementFilter.doFilter(SessionManagementFilter.java:85)
	at org.springframework.security.web.FilterChainProxy$VirtualFilterChain.doFilter(FilterChainProxy.java:374)
	at org.springframework.security.web.authentication.AnonymousAuthenticationFilter.doFilter(AnonymousAuthenticationFilter.java:100)
	at org.springframework.security.web.FilterChainProxy$VirtualFilterChain.doFilter(FilterChainProxy.java:374)
	at org.springframework.security.web.servletapi.SecurityContextHolderAwareRequestFilter.doFilter(SecurityContextHolderAwareRequestFilter.java:179)
	at org.springframework.security.web.FilterChainProxy$VirtualFilterChain.doFilter(FilterChainProxy.java:374)
	at org.springframework.security.web.savedrequest.RequestCacheAwareFilter.doFilter(RequestCacheAwareFilter.java:63)
	at org.springframework.security.web.FilterChainProxy$VirtualFilterChain.doFilter(FilterChainProxy.java:374)
	at org.springframework.security.web.authentication.ui.DefaultLogoutPageGeneratingFilter.doFilterInternal(DefaultLogoutPageGeneratingFilter.java:58)
	at org.springframework.web.filter.OncePerRequestFilter.doFilter(OncePerRequestFilter.java:116)
	at org.springframework.security.web.FilterChainProxy$VirtualFilterChain.doFilter(FilterChainProxy.java:374)
	at org.springframework.security.web.authentication.ui.DefaultLoginPageGeneratingFilter.doFilter(DefaultLoginPageGeneratingFilter.java:188)
	at org.springframework.security.web.authentication.ui.DefaultLoginPageGeneratingFilter.doFilter(DefaultLoginPageGeneratingFilter.java:174)
	at org.springframework.security.web.FilterChainProxy$VirtualFilterChain.doFilter(FilterChainProxy.java:374)
	at org.springframework.security.web.authentication.AbstractAuthenticationProcessingFilter.doFilter(AbstractAuthenticationProcessingFilter.java:227)
	at org.springframework.security.web.authentication.AbstractAuthenticationProcessingFilter.doFilter(AbstractAuthenticationProcessingFilter.java:221)
	at org.springframework.security.web.FilterChainProxy$VirtualFilterChain.doFilter(FilterChainProxy.java:374)
	at kodlamaio.hrms.core.utilities.security.jwt.JwtAuthenticationFilter.doFilterInternal(JwtAuthenticationFilter.java:38)
	at org.springframework.web.filter.OncePerRequestFilter.doFilter(OncePerRequestFilter.java:116)
	at org.springframework.security.web.FilterChainProxy$VirtualFilterChain.doFilter(FilterChainProxy.java:374)
	at org.springframework.security.web.authentication.AbstractAuthenticationProcessingFilter.doFilter(AbstractAuthenticationProcessingFilter.java:227)
	at org.springframework.security.web.authentication.AbstractAuthenticationProcessingFilter.doFilter(AbstractAuthenticationProcessingFilter.java:221)
	at org.springframework.security.web.FilterChainProxy$VirtualFilterChain.doFilter(FilterChainProxy.java:374)
	at org.springframework.security.oauth2.client.web.OAuth2AuthorizationRequestRedirectFilter.doFilterInternal(OAuth2AuthorizationRequestRedirectFilter.java:181)
	at org.springframework.web.filter.OncePerRequestFilter.doFilter(OncePerRequestFilter.java:116)
	at org.springframework.security.web.FilterChainProxy$VirtualFilterChain.doFilter(FilterChainProxy.java:374)
	at org.springframework.security.web.authentication.logout.LogoutFilter.doFilter(LogoutFilter.java:107)
	at org.springframework.security.web.authentication.logout.LogoutFilter.doFilter(LogoutFilter.java:93)
	at org.springframework.security.web.FilterChainProxy$VirtualFilterChain.doFilter(FilterChainProxy.java:374)
	at org.springframework.security.web.header.HeaderWriterFilter.doHeadersAfter(HeaderWriterFilter.java:90)
	at org.springframework.security.web.header.HeaderWriterFilter.doFilterInternal(HeaderWriterFilter.java:75)
	at org.springframework.web.filter.OncePerRequestFilter.doFilter(OncePerRequestFilter.java:116)
	at org.springframework.security.web.FilterChainProxy$VirtualFilterChain.doFilter(FilterChainProxy.java:374)
	at org.springframework.security.web.context.SecurityContextHolderFilter.doFilter(SecurityContextHolderFilter.java:82)
	at org.springframework.security.web.context.SecurityContextHolderFilter.doFilter(SecurityContextHolderFilter.java:69)
	at org.springframework.security.web.FilterChainProxy$VirtualFilterChain.doFilter(FilterChainProxy.java:374)
	at org.springframework.security.web.context.request.async.WebAsyncManagerIntegrationFilter.doFilterInternal(WebAsyncManagerIntegrationFilter.java:62)
	at org.springframework.web.filter.OncePerRequestFilter.doFilter(OncePerRequestFilter.java:116)
	at org.springframework.security.web.FilterChainProxy$VirtualFilterChain.doFilter(FilterChainProxy.java:374)
	at org.springframework.security.web.session.DisableEncodeUrlFilter.doFilterInternal(DisableEncodeUrlFilter.java:42)
	at org.springframework.web.filter.OncePerRequestFilter.doFilter(OncePerRequestFilter.java:116)
	at org.springframework.security.web.FilterChainProxy$VirtualFilterChain.doFilter(FilterChainProxy.java:374)
	at org.springframework.security.web.FilterChainProxy.doFilterInternal(FilterChainProxy.java:233)
	at org.springframework.security.web.FilterChainProxy.doFilter(FilterChainProxy.java:191)
	at org.springframework.web.filter.DelegatingFilterProxy.invokeDelegate(DelegatingFilterProxy.java:351)
	at org.springframework.web.filter.DelegatingFilterProxy.doFilter(DelegatingFilterProxy.java:267)
	at org.apache.catalina.core.ApplicationFilterChain.internalDoFilter(ApplicationFilterChain.java:185)
	at org.apache.catalina.core.ApplicationFilterChain.doFilter(ApplicationFilterChain.java:158)
	at org.springframework.web.filter.RequestContextFilter.doFilterInternal(RequestContextFilter.java:100)
	at org.springframework.web.filter.OncePerRequestFilter.doFilter(OncePerRequestFilter.java:116)
	at org.apache.catalina.core.ApplicationFilterChain.internalDoFilter(ApplicationFilterChain.java:185)
	at org.apache.catalina.core.ApplicationFilterChain.doFilter(ApplicationFilterChain.java:158)
	at org.springframework.web.filter.FormContentFilter.doFilterInternal(FormContentFilter.java:93)
	at org.springframework.web.filter.OncePerRequestFilter.doFilter(OncePerRequestFilter.java:116)
	at org.apache.catalina.core.ApplicationFilterChain.internalDoFilter(ApplicationFilterChain.java:185)
	at org.apache.catalina.core.ApplicationFilterChain.doFilter(ApplicationFilterChain.java:158)
	at org.springframework.web.filter.CharacterEncodingFilter.doFilterInternal(CharacterEncodingFilter.java:201)
	at org.springframework.web.filter.OncePerRequestFilter.doFilter(OncePerRequestFilter.java:116)
	at org.apache.catalina.core.ApplicationFilterChain.internalDoFilter(ApplicationFilterChain.java:185)
	at org.apache.catalina.core.ApplicationFilterChain.doFilter(ApplicationFilterChain.java:158)
	at org.apache.catalina.core.StandardWrapperValve.invoke(StandardWrapperValve.java:177)
	at org.apache.catalina.core.StandardContextValve.invoke(StandardContextValve.java:97)
	at org.apache.catalina.authenticator.AuthenticatorBase.invoke(AuthenticatorBase.java:542)
	at org.apache.catalina.core.StandardHostValve.invoke(StandardHostValve.java:119)
	at org.apache.catalina.valves.ErrorReportValve.invoke(ErrorReportValve.java:92)
	at org.apache.catalina.core.StandardEngineValve.invoke(StandardEngineValve.java:78)
	at org.apache.catalina.connector.CoyoteAdapter.service(CoyoteAdapter.java:357)
	at org.apache.coyote.http11.Http11Processor.service(Http11Processor.java:400)
	at org.apache.coyote.AbstractProcessorLight.process(AbstractProcessorLight.java:65)
	at org.apache.coyote.AbstractProtocol$ConnectionHandler.process(AbstractProtocol.java:859)
	at org.apache.tomcat.util.net.NioEndpoint$SocketProcessor.doRun(NioEndpoint.java:1734)
	at org.apache.tomcat.util.net.SocketProcessorBase.run(SocketProcessorBase.java:52)
	at org.apache.tomcat.util.threads.ThreadPoolExecutor.runWorker(ThreadPoolExecutor.java:1191)
	at org.apache.tomcat.util.threads.ThreadPoolExecutor$Worker.run(ThreadPoolExecutor.java:659)
	at org.apache.tomcat.util.threads.TaskThread$WrappingRunnable.run(TaskThread.java:61)
	at java.base/java.lang.Thread.run(Thread.java:833)
2023-01-27 20:13:20,114 ERROR [http-nio-8080-exec-3] org.apache.juli.logging.DirectJDKLog: Servlet.service() for servlet [dispatcherServlet] in context with path [] threw exception [Request processing failed: java.lang.NullPointerException: Cannot invoke "org.springframework.security.core.Authentication.getPrincipal()" because "authentication" is null] with root cause
java.lang.NullPointerException: Cannot invoke "org.springframework.security.core.Authentication.getPrincipal()" because "authentication" is null
	at kodlamaio.hrms.webApi.Controllers.AuthController.registerEmployeeWithGoogle(AuthController.java:79)
	at java.base/jdk.internal.reflect.NativeMethodAccessorImpl.invoke0(Native Method)
	at java.base/jdk.internal.reflect.NativeMethodAccessorImpl.invoke(NativeMethodAccessorImpl.java:77)
	at java.base/jdk.internal.reflect.DelegatingMethodAccessorImpl.invoke(DelegatingMethodAccessorImpl.java:43)
	at java.base/java.lang.reflect.Method.invoke(Method.java:568)
	at org.springframework.web.method.support.InvocableHandlerMethod.doInvoke(InvocableHandlerMethod.java:207)
	at org.springframework.web.method.support.InvocableHandlerMethod.invokeForRequest(InvocableHandlerMethod.java:152)
	at org.springframework.web.servlet.mvc.method.annotation.ServletInvocableHandlerMethod.invokeAndHandle(ServletInvocableHandlerMethod.java:117)
	at org.springframework.web.servlet.mvc.method.annotation.RequestMappingHandlerAdapter.invokeHandlerMethod(RequestMappingHandlerAdapter.java:884)
	at org.springframework.web.servlet.mvc.method.annotation.RequestMappingHandlerAdapter.handleInternal(RequestMappingHandlerAdapter.java:797)
	at org.springframework.web.servlet.mvc.method.AbstractHandlerMethodAdapter.handle(AbstractHandlerMethodAdapter.java:87)
	at org.springframework.web.servlet.DispatcherServlet.doDispatch(DispatcherServlet.java:1080)
	at org.springframework.web.servlet.DispatcherServlet.doService(DispatcherServlet.java:973)
	at org.springframework.web.servlet.FrameworkServlet.processRequest(FrameworkServlet.java:1011)
	at org.springframework.web.servlet.FrameworkServlet.doGet(FrameworkServlet.java:903)
	at jakarta.servlet.http.HttpServlet.service(HttpServlet.java:705)
	at org.springframework.web.servlet.FrameworkServlet.service(FrameworkServlet.java:885)
	at jakarta.servlet.http.HttpServlet.service(HttpServlet.java:814)
	at org.apache.catalina.core.ApplicationFilterChain.internalDoFilter(ApplicationFilterChain.java:223)
	at org.apache.catalina.core.ApplicationFilterChain.doFilter(ApplicationFilterChain.java:158)
	at org.apache.tomcat.websocket.server.WsFilter.doFilter(WsFilter.java:53)
	at org.apache.catalina.core.ApplicationFilterChain.internalDoFilter(ApplicationFilterChain.java:185)
	at org.apache.catalina.core.ApplicationFilterChain.doFilter(ApplicationFilterChain.java:158)
	at org.springframework.web.filter.OncePerRequestFilter.doFilter(OncePerRequestFilter.java:110)
	at org.apache.catalina.core.ApplicationFilterChain.internalDoFilter(ApplicationFilterChain.java:185)
	at org.apache.catalina.core.ApplicationFilterChain.doFilter(ApplicationFilterChain.java:158)
	at org.springframework.security.web.FilterChainProxy.lambda$doFilterInternal$3(FilterChainProxy.java:231)
	at org.springframework.security.web.FilterChainProxy$VirtualFilterChain.doFilter(FilterChainProxy.java:365)
	at org.springframework.security.web.access.intercept.AuthorizationFilter.doFilter(AuthorizationFilter.java:100)
	at org.springframework.security.web.FilterChainProxy$VirtualFilterChain.doFilter(FilterChainProxy.java:374)
	at org.springframework.security.web.access.ExceptionTranslationFilter.doFilter(ExceptionTranslationFilter.java:126)
	at org.springframework.security.web.access.ExceptionTranslationFilter.doFilter(ExceptionTranslationFilter.java:120)
	at org.springframework.security.web.FilterChainProxy$VirtualFilterChain.doFilter(FilterChainProxy.java:374)
	at org.springframework.security.web.session.SessionManagementFilter.doFilter(SessionManagementFilter.java:131)
	at org.springframework.security.web.session.SessionManagementFilter.doFilter(SessionManagementFilter.java:85)
	at org.springframework.security.web.FilterChainProxy$VirtualFilterChain.doFilter(FilterChainProxy.java:374)
	at org.springframework.security.web.authentication.AnonymousAuthenticationFilter.doFilter(AnonymousAuthenticationFilter.java:100)
	at org.springframework.security.web.FilterChainProxy$VirtualFilterChain.doFilter(FilterChainProxy.java:374)
	at org.springframework.security.web.servletapi.SecurityContextHolderAwareRequestFilter.doFilter(SecurityContextHolderAwareRequestFilter.java:179)
	at org.springframework.security.web.FilterChainProxy$VirtualFilterChain.doFilter(FilterChainProxy.java:374)
	at org.springframework.security.web.savedrequest.RequestCacheAwareFilter.doFilter(RequestCacheAwareFilter.java:63)
	at org.springframework.security.web.FilterChainProxy$VirtualFilterChain.doFilter(FilterChainProxy.java:374)
	at org.springframework.security.web.authentication.ui.DefaultLogoutPageGeneratingFilter.doFilterInternal(DefaultLogoutPageGeneratingFilter.java:58)
	at org.springframework.web.filter.OncePerRequestFilter.doFilter(OncePerRequestFilter.java:116)
	at org.springframework.security.web.FilterChainProxy$VirtualFilterChain.doFilter(FilterChainProxy.java:374)
	at org.springframework.security.web.authentication.ui.DefaultLoginPageGeneratingFilter.doFilter(DefaultLoginPageGeneratingFilter.java:188)
	at org.springframework.security.web.authentication.ui.DefaultLoginPageGeneratingFilter.doFilter(DefaultLoginPageGeneratingFilter.java:174)
	at org.springframework.security.web.FilterChainProxy$VirtualFilterChain.doFilter(FilterChainProxy.java:374)
	at org.springframework.security.web.authentication.AbstractAuthenticationProcessingFilter.doFilter(AbstractAuthenticationProcessingFilter.java:227)
	at org.springframework.security.web.authentication.AbstractAuthenticationProcessingFilter.doFilter(AbstractAuthenticationProcessingFilter.java:221)
	at org.springframework.security.web.FilterChainProxy$VirtualFilterChain.doFilter(FilterChainProxy.java:374)
	at kodlamaio.hrms.core.utilities.security.jwt.JwtAuthenticationFilter.doFilterInternal(JwtAuthenticationFilter.java:38)
	at org.springframework.web.filter.OncePerRequestFilter.doFilter(OncePerRequestFilter.java:116)
	at org.springframework.security.web.FilterChainProxy$VirtualFilterChain.doFilter(FilterChainProxy.java:374)
	at org.springframework.security.web.authentication.AbstractAuthenticationProcessingFilter.doFilter(AbstractAuthenticationProcessingFilter.java:227)
	at org.springframework.security.web.authentication.AbstractAuthenticationProcessingFilter.doFilter(AbstractAuthenticationProcessingFilter.java:221)
	at org.springframework.security.web.FilterChainProxy$VirtualFilterChain.doFilter(FilterChainProxy.java:374)
	at org.springframework.security.oauth2.client.web.OAuth2AuthorizationRequestRedirectFilter.doFilterInternal(OAuth2AuthorizationRequestRedirectFilter.java:181)
	at org.springframework.web.filter.OncePerRequestFilter.doFilter(OncePerRequestFilter.java:116)
	at org.springframework.security.web.FilterChainProxy$VirtualFilterChain.doFilter(FilterChainProxy.java:374)
	at org.springframework.security.web.authentication.logout.LogoutFilter.doFilter(LogoutFilter.java:107)
	at org.springframework.security.web.authentication.logout.LogoutFilter.doFilter(LogoutFilter.java:93)
	at org.springframework.security.web.FilterChainProxy$VirtualFilterChain.doFilter(FilterChainProxy.java:374)
	at org.springframework.security.web.header.HeaderWriterFilter.doHeadersAfter(HeaderWriterFilter.java:90)
	at org.springframework.security.web.header.HeaderWriterFilter.doFilterInternal(HeaderWriterFilter.java:75)
	at org.springframework.web.filter.OncePerRequestFilter.doFilter(OncePerRequestFilter.java:116)
	at org.springframework.security.web.FilterChainProxy$VirtualFilterChain.doFilter(FilterChainProxy.java:374)
	at org.springframework.security.web.context.SecurityContextHolderFilter.doFilter(SecurityContextHolderFilter.java:82)
	at org.springframework.security.web.context.SecurityContextHolderFilter.doFilter(SecurityContextHolderFilter.java:69)
	at org.springframework.security.web.FilterChainProxy$VirtualFilterChain.doFilter(FilterChainProxy.java:374)
	at org.springframework.security.web.context.request.async.WebAsyncManagerIntegrationFilter.doFilterInternal(WebAsyncManagerIntegrationFilter.java:62)
	at org.springframework.web.filter.OncePerRequestFilter.doFilter(OncePerRequestFilter.java:116)
	at org.springframework.security.web.FilterChainProxy$VirtualFilterChain.doFilter(FilterChainProxy.java:374)
	at org.springframework.security.web.session.DisableEncodeUrlFilter.doFilterInternal(DisableEncodeUrlFilter.java:42)
	at org.springframework.web.filter.OncePerRequestFilter.doFilter(OncePerRequestFilter.java:116)
	at org.springframework.security.web.FilterChainProxy$VirtualFilterChain.doFilter(FilterChainProxy.java:374)
	at org.springframework.security.web.FilterChainProxy.doFilterInternal(FilterChainProxy.java:233)
	at org.springframework.security.web.FilterChainProxy.doFilter(FilterChainProxy.java:191)
	at org.springframework.web.filter.DelegatingFilterProxy.invokeDelegate(DelegatingFilterProxy.java:351)
	at org.springframework.web.filter.DelegatingFilterProxy.doFilter(DelegatingFilterProxy.java:267)
	at org.apache.catalina.core.ApplicationFilterChain.internalDoFilter(ApplicationFilterChain.java:185)
	at org.apache.catalina.core.ApplicationFilterChain.doFilter(ApplicationFilterChain.java:158)
	at org.springframework.web.filter.RequestContextFilter.doFilterInternal(RequestContextFilter.java:100)
	at org.springframework.web.filter.OncePerRequestFilter.doFilter(OncePerRequestFilter.java:116)
	at org.apache.catalina.core.ApplicationFilterChain.internalDoFilter(ApplicationFilterChain.java:185)
	at org.apache.catalina.core.ApplicationFilterChain.doFilter(ApplicationFilterChain.java:158)
	at org.springframework.web.filter.FormContentFilter.doFilterInternal(FormContentFilter.java:93)
	at org.springframework.web.filter.OncePerRequestFilter.doFilter(OncePerRequestFilter.java:116)
	at org.apache.catalina.core.ApplicationFilterChain.internalDoFilter(ApplicationFilterChain.java:185)
	at org.apache.catalina.core.ApplicationFilterChain.doFilter(ApplicationFilterChain.java:158)
	at org.springframework.web.filter.CharacterEncodingFilter.doFilterInternal(CharacterEncodingFilter.java:201)
	at org.springframework.web.filter.OncePerRequestFilter.doFilter(OncePerRequestFilter.java:116)
	at org.apache.catalina.core.ApplicationFilterChain.internalDoFilter(ApplicationFilterChain.java:185)
	at org.apache.catalina.core.ApplicationFilterChain.doFilter(ApplicationFilterChain.java:158)
	at org.apache.catalina.core.StandardWrapperValve.invoke(StandardWrapperValve.java:177)
	at org.apache.catalina.core.StandardContextValve.invoke(StandardContextValve.java:97)
	at org.apache.catalina.authenticator.AuthenticatorBase.invoke(AuthenticatorBase.java:542)
	at org.apache.catalina.core.StandardHostValve.invoke(StandardHostValve.java:119)
	at org.apache.catalina.valves.ErrorReportValve.invoke(ErrorReportValve.java:92)
	at org.apache.catalina.core.StandardEngineValve.invoke(StandardEngineValve.java:78)
	at org.apache.catalina.connector.CoyoteAdapter.service(CoyoteAdapter.java:357)
	at org.apache.coyote.http11.Http11Processor.service(Http11Processor.java:400)
	at org.apache.coyote.AbstractProcessorLight.process(AbstractProcessorLight.java:65)
	at org.apache.coyote.AbstractProtocol$ConnectionHandler.process(AbstractProtocol.java:859)
	at org.apache.tomcat.util.net.NioEndpoint$SocketProcessor.doRun(NioEndpoint.java:1734)
	at org.apache.tomcat.util.net.SocketProcessorBase.run(SocketProcessorBase.java:52)
	at org.apache.tomcat.util.threads.ThreadPoolExecutor.runWorker(ThreadPoolExecutor.java:1191)
	at org.apache.tomcat.util.threads.ThreadPoolExecutor$Worker.run(ThreadPoolExecutor.java:659)
	at org.apache.tomcat.util.threads.TaskThread$WrappingRunnable.run(TaskThread.java:61)
	at java.base/java.lang.Thread.run(Thread.java:833)
2023-01-27 20:13:24,823 WARN [http-nio-8080-exec-5] org.springframework.web.servlet.handler.AbstractHandlerExceptionResolver: Resolved [org.springframework.web.HttpRequestMethodNotSupportedException: Request method 'GET' is not supported]
2023-01-27 20:13:45,287 WARN [http-nio-8080-exec-9] org.springframework.web.servlet.handler.AbstractHandlerExceptionResolver: Resolved [org.springframework.web.HttpRequestMethodNotSupportedException: Request method 'GET' is not supported]
2023-01-27 20:13:46,066 WARN [http-nio-8080-exec-8] org.springframework.web.servlet.handler.AbstractHandlerExceptionResolver: Resolved [org.springframework.web.HttpRequestMethodNotSupportedException: Request method 'GET' is not supported]
2023-01-27 20:13:46,173 INFO [File Watcher] org.springframework.boot.devtools.autoconfigure.LocalDevToolsAutoConfiguration$RestartingClassPathChangeChangedEventListener: Restarting due to 1 class path change (0 additions, 0 deletions, 1 modification)
2023-01-27 20:13:46,184 INFO [Thread-5] org.apache.juli.logging.DirectJDKLog: Pausing ProtocolHandler ["http-nio-8080"]
2023-01-27 20:13:46,184 INFO [Thread-5] org.apache.juli.logging.DirectJDKLog: Stopping service [Tomcat]
2023-01-27 20:13:46,186 INFO [Thread-5] org.apache.juli.logging.DirectJDKLog: Destroying Spring FrameworkServlet 'dispatcherServlet'
2023-01-27 20:13:46,190 WARN [Thread-5] org.apache.juli.logging.DirectJDKLog: The web application [ROOT] appears to have started a thread named [HikariPool-1 housekeeper] but has failed to stop it. This is very likely to create a memory leak. Stack trace of thread:
 java.base@17.0.4.1/jdk.internal.misc.Unsafe.park(Native Method)
 java.base@17.0.4.1/java.util.concurrent.locks.LockSupport.parkNanos(LockSupport.java:252)
 java.base@17.0.4.1/java.util.concurrent.locks.AbstractQueuedSynchronizer$ConditionObject.awaitNanos(AbstractQueuedSynchronizer.java:1672)
 java.base@17.0.4.1/java.util.concurrent.ScheduledThreadPoolExecutor$DelayedWorkQueue.take(ScheduledThreadPoolExecutor.java:1182)
 java.base@17.0.4.1/java.util.concurrent.ScheduledThreadPoolExecutor$DelayedWorkQueue.take(ScheduledThreadPoolExecutor.java:899)
 java.base@17.0.4.1/java.util.concurrent.ThreadPoolExecutor.getTask(ThreadPoolExecutor.java:1062)
 java.base@17.0.4.1/java.util.concurrent.ThreadPoolExecutor.runWorker(ThreadPoolExecutor.java:1122)
 java.base@17.0.4.1/java.util.concurrent.ThreadPoolExecutor$Worker.run(ThreadPoolExecutor.java:635)
 java.base@17.0.4.1/java.lang.Thread.run(Thread.java:833)
2023-01-27 20:13:46,191 INFO [Thread-5] org.apache.juli.logging.DirectJDKLog: Stopping ProtocolHandler ["http-nio-8080"]
2023-01-27 20:13:46,192 INFO [Thread-5] org.apache.juli.logging.DirectJDKLog: Destroying ProtocolHandler ["http-nio-8080"]
2023-01-27 20:13:46,196 INFO [Thread-5] org.springframework.orm.jpa.AbstractEntityManagerFactoryBean: Closing JPA EntityManagerFactory for persistence unit 'default'
2023-01-27 20:13:46,204 INFO [Thread-5] com.zaxxer.hikari.HikariDataSource: HikariPool-1 - Shutdown initiated...
2023-01-27 20:13:46,208 INFO [Thread-5] com.zaxxer.hikari.HikariDataSource: HikariPool-1 - Shutdown completed.
2023-01-27 20:13:46,305 INFO [restartedMain] org.springframework.boot.StartupInfoLogger: Starting HrmsApplication using Java 17.0.4.1 with PID 19492 (C:\Users\EGIN\git\humanResourceManagementSystem13012023\hrms\target\classes started by EGIN in C:\Users\EGIN\git\humanResourceManagementSystem13012023\hrms)
2023-01-27 20:13:46,305 DEBUG [restartedMain] org.springframework.boot.StartupInfoLogger: Running with Spring Boot v3.0.2, Spring v6.0.4
2023-01-27 20:13:46,305 INFO [restartedMain] org.springframework.boot.SpringApplication: No active profile set, falling back to 1 default profile: "default"
2023-01-27 20:13:46,670 INFO [restartedMain] org.springframework.data.repository.config.RepositoryConfigurationDelegate: Bootstrapping Spring Data JPA repositories in DEFAULT mode.
2023-01-27 20:13:46,742 INFO [restartedMain] org.springframework.data.repository.config.RepositoryConfigurationDelegate: Finished Spring Data repository scanning in 70 ms. Found 17 JPA repository interfaces.
2023-01-27 20:13:46,958 INFO [restartedMain] org.springframework.boot.web.embedded.tomcat.TomcatWebServer: Tomcat initialized with port(s): 8080 (http)
2023-01-27 20:13:46,959 INFO [restartedMain] org.apache.juli.logging.DirectJDKLog: Initializing ProtocolHandler ["http-nio-8080"]
2023-01-27 20:13:46,960 INFO [restartedMain] org.apache.juli.logging.DirectJDKLog: Starting service [Tomcat]
2023-01-27 20:13:46,960 INFO [restartedMain] org.apache.juli.logging.DirectJDKLog: Starting Servlet engine: [Apache Tomcat/10.1.5]
2023-01-27 20:13:46,991 INFO [restartedMain] org.apache.juli.logging.DirectJDKLog: Initializing Spring embedded WebApplicationContext
2023-01-27 20:13:46,992 INFO [restartedMain] org.springframework.boot.web.servlet.context.ServletWebServerApplicationContext: Root WebApplicationContext: initialization completed in 684 ms
2023-01-27 20:13:47,081 INFO [restartedMain] org.hibernate.jpa.internal.util.LogHelper: HHH000204: Processing PersistenceUnitInfo [name: default]
2023-01-27 20:13:47,085 WARN [restartedMain] org.hibernate.jpa.boot.internal.EntityManagerFactoryBuilderImpl: HHH90000021: Encountered deprecated setting [javax.persistence.validation.mode], use [jakarta.persistence.validation.mode] instead
2023-01-27 20:13:47,087 WARN [restartedMain] org.hibernate.boot.internal.MetadataBuilderImpl$MetadataBuildingOptionsImpl: HHH90000021: Encountered deprecated setting [javax.persistence.sharedCache.mode], use [jakarta.persistence.sharedCache.mode] instead
2023-01-27 20:13:47,094 INFO [restartedMain] com.zaxxer.hikari.HikariDataSource: HikariPool-2 - Starting...
2023-01-27 20:13:47,144 INFO [restartedMain] com.zaxxer.hikari.pool.HikariPool: HikariPool-2 - Added connection org.postgresql.jdbc.PgConnection@93e7383
2023-01-27 20:13:47,144 INFO [restartedMain] com.zaxxer.hikari.HikariDataSource: HikariPool-2 - Start completed.
2023-01-27 20:13:47,154 INFO [restartedMain] org.hibernate.engine.jdbc.dialect.internal.DialectFactoryImpl: HHH000400: Using dialect: org.hibernate.dialect.PostgreSQLDialect
2023-01-27 20:13:47,642 INFO [restartedMain] org.hibernate.engine.transaction.jta.platform.internal.JtaPlatformInitiator: HHH000490: Using JtaPlatform implementation: [org.hibernate.engine.transaction.jta.platform.internal.NoJtaPlatform]
2023-01-27 20:13:47,643 INFO [restartedMain] org.springframework.orm.jpa.AbstractEntityManagerFactoryBean: Initialized JPA EntityManagerFactory for persistence unit 'default'
2023-01-27 20:13:47,736 DEBUG [restartedMain] org.springframework.web.filter.GenericFilterBean: Filter 'jwtAuthenticationFilter' configured for use
2023-01-27 20:13:48,269 WARN [restartedMain] org.springframework.boot.autoconfigure.orm.jpa.JpaBaseConfiguration$JpaWebConfiguration: spring.jpa.open-in-view is enabled by default. Therefore, database queries may be performed during view rendering. Explicitly configure spring.jpa.open-in-view to disable this warning
2023-01-27 20:13:48,462 INFO [restartedMain] org.springframework.security.web.DefaultSecurityFilterChain: Will secure any request with [org.springframework.security.web.session.DisableEncodeUrlFilter@6239e373, org.springframework.security.web.context.request.async.WebAsyncManagerIntegrationFilter@49a9c131, org.springframework.security.web.context.SecurityContextHolderFilter@44360873, org.springframework.security.web.header.HeaderWriterFilter@293668ba, org.springframework.security.web.authentication.logout.LogoutFilter@193e584a, org.springframework.security.oauth2.client.web.OAuth2AuthorizationRequestRedirectFilter@7800f3b0, org.springframework.security.oauth2.client.web.OAuth2LoginAuthenticationFilter@40f31fbc, kodlamaio.hrms.core.utilities.security.jwt.JwtAuthenticationFilter@2381c961, org.springframework.security.web.authentication.UsernamePasswordAuthenticationFilter@13171590, org.springframework.security.web.authentication.ui.DefaultLoginPageGeneratingFilter@489e2c74, org.springframework.security.web.authentication.ui.DefaultLogoutPageGeneratingFilter@364b26c7, org.springframework.security.web.savedrequest.RequestCacheAwareFilter@70dabbc6, org.springframework.security.web.servletapi.SecurityContextHolderAwareRequestFilter@6ab36edf, org.springframework.security.web.authentication.AnonymousAuthenticationFilter@6e9dd14d, org.springframework.security.web.session.SessionManagementFilter@73ca38ad, org.springframework.security.web.access.ExceptionTranslationFilter@74663d0, org.springframework.security.web.access.intercept.AuthorizationFilter@514e74cd]
2023-01-27 20:13:48,667 INFO [restartedMain] org.springframework.boot.devtools.autoconfigure.OptionalLiveReloadServer: LiveReload server is running on port 35729
2023-01-27 20:13:48,680 INFO [restartedMain] org.apache.juli.logging.DirectJDKLog: Starting ProtocolHandler ["http-nio-8080"]
2023-01-27 20:13:48,684 INFO [restartedMain] org.springframework.boot.web.embedded.tomcat.TomcatWebServer: Tomcat started on port(s): 8080 (http) with context path ''
2023-01-27 20:13:48,689 INFO [restartedMain] org.springframework.boot.StartupInfoLogger: Started HrmsApplication in 2.42 seconds (process running for 77.851)
2023-01-27 20:13:48,692 INFO [restartedMain] org.springframework.boot.devtools.autoconfigure.ConditionEvaluationDeltaLoggingListener: Condition evaluation unchanged
2023-01-27 20:13:48,693 INFO [restartedMain] kodlamaio.hrms.HrmsApplication: System started
2023-01-27 20:13:49,118 INFO [http-nio-8080-exec-1] org.apache.juli.logging.DirectJDKLog: Initializing Spring DispatcherServlet 'dispatcherServlet'
2023-01-27 20:13:49,119 INFO [http-nio-8080-exec-1] org.springframework.web.servlet.FrameworkServlet: Initializing Servlet 'dispatcherServlet'
2023-01-27 20:13:49,120 INFO [http-nio-8080-exec-1] org.springframework.web.servlet.FrameworkServlet: Completed initialization in 1 ms
2023-01-27 20:13:49,126 WARN [http-nio-8080-exec-1] org.springframework.web.servlet.handler.AbstractHandlerExceptionResolver: Resolved [org.springframework.web.HttpRequestMethodNotSupportedException: Request method 'GET' is not supported]
2023-01-27 20:14:16,161 WARN [http-nio-8080-exec-4] org.springframework.web.servlet.handler.AbstractHandlerExceptionResolver: Resolved [org.springframework.web.HttpRequestMethodNotSupportedException: Request method 'GET' is not supported]
2023-01-27 20:21:07,506 INFO [background-preinit] org.hibernate.validator.internal.util.Version: HV000001: Hibernate Validator 8.0.0.Final
2023-01-27 20:21:07,598 INFO [restartedMain] org.springframework.boot.StartupInfoLogger: Starting HrmsApplication using Java 17.0.4.1 with PID 14916 (C:\Users\EGIN\git\humanResourceManagementSystem13012023\hrms\target\classes started by EGIN in C:\Users\EGIN\git\humanResourceManagementSystem13012023\hrms)
2023-01-27 20:21:07,599 DEBUG [restartedMain] org.springframework.boot.StartupInfoLogger: Running with Spring Boot v3.0.2, Spring v6.0.4
2023-01-27 20:21:07,600 INFO [restartedMain] org.springframework.boot.SpringApplication: No active profile set, falling back to 1 default profile: "default"
2023-01-27 20:21:07,677 INFO [restartedMain] org.springframework.boot.logging.DeferredLog: Devtools property defaults active! Set 'spring.devtools.add-properties' to 'false' to disable
2023-01-27 20:21:07,677 INFO [restartedMain] org.springframework.boot.logging.DeferredLog: For additional web related logging consider setting the 'logging.level.web' property to 'DEBUG'
2023-01-27 20:21:08,988 INFO [restartedMain] org.springframework.data.repository.config.RepositoryConfigurationDelegate: Bootstrapping Spring Data JPA repositories in DEFAULT mode.
2023-01-27 20:21:09,182 INFO [restartedMain] org.springframework.data.repository.config.RepositoryConfigurationDelegate: Finished Spring Data repository scanning in 178 ms. Found 17 JPA repository interfaces.
2023-01-27 20:21:10,824 INFO [restartedMain] org.springframework.boot.web.embedded.tomcat.TomcatWebServer: Tomcat initialized with port(s): 8080 (http)
2023-01-27 20:21:10,840 INFO [restartedMain] org.apache.juli.logging.DirectJDKLog: Initializing ProtocolHandler ["http-nio-8080"]
2023-01-27 20:21:10,841 INFO [restartedMain] org.apache.juli.logging.DirectJDKLog: Starting service [Tomcat]
2023-01-27 20:21:10,842 INFO [restartedMain] org.apache.juli.logging.DirectJDKLog: Starting Servlet engine: [Apache Tomcat/10.1.5]
2023-01-27 20:21:10,959 INFO [restartedMain] org.apache.juli.logging.DirectJDKLog: Initializing Spring embedded WebApplicationContext
2023-01-27 20:21:10,962 INFO [restartedMain] org.springframework.boot.web.servlet.context.ServletWebServerApplicationContext: Root WebApplicationContext: initialization completed in 3281 ms
2023-01-27 20:21:11,274 INFO [restartedMain] org.hibernate.jpa.internal.util.LogHelper: HHH000204: Processing PersistenceUnitInfo [name: default]
2023-01-27 20:21:11,364 INFO [restartedMain] org.hibernate.Version: HHH000412: Hibernate ORM core version 6.1.6.Final
2023-01-27 20:21:11,569 WARN [restartedMain] org.hibernate.jpa.boot.internal.EntityManagerFactoryBuilderImpl: HHH90000021: Encountered deprecated setting [javax.persistence.validation.mode], use [jakarta.persistence.validation.mode] instead
2023-01-27 20:21:11,600 WARN [restartedMain] org.hibernate.boot.internal.MetadataBuilderImpl$MetadataBuildingOptionsImpl: HHH90000021: Encountered deprecated setting [javax.persistence.sharedCache.mode], use [jakarta.persistence.sharedCache.mode] instead
2023-01-27 20:21:11,776 INFO [restartedMain] com.zaxxer.hikari.HikariDataSource: HikariPool-1 - Starting...
2023-01-27 20:21:12,035 INFO [restartedMain] com.zaxxer.hikari.pool.HikariPool: HikariPool-1 - Added connection org.postgresql.jdbc.PgConnection@770d0d5a
2023-01-27 20:21:12,038 INFO [restartedMain] com.zaxxer.hikari.HikariDataSource: HikariPool-1 - Start completed.
2023-01-27 20:21:12,100 INFO [restartedMain] org.hibernate.engine.jdbc.dialect.internal.DialectFactoryImpl: HHH000400: Using dialect: org.hibernate.dialect.PostgreSQLDialect
2023-01-27 20:21:13,882 INFO [restartedMain] org.hibernate.engine.transaction.jta.platform.internal.JtaPlatformInitiator: HHH000490: Using JtaPlatform implementation: [org.hibernate.engine.transaction.jta.platform.internal.NoJtaPlatform]
2023-01-27 20:21:13,902 INFO [restartedMain] org.springframework.orm.jpa.AbstractEntityManagerFactoryBean: Initialized JPA EntityManagerFactory for persistence unit 'default'
2023-01-27 20:21:14,515 DEBUG [restartedMain] org.springframework.web.filter.GenericFilterBean: Filter 'jwtAuthenticationFilter' configured for use
2023-01-27 20:21:16,216 WARN [restartedMain] org.springframework.boot.autoconfigure.orm.jpa.JpaBaseConfiguration$JpaWebConfiguration: spring.jpa.open-in-view is enabled by default. Therefore, database queries may be performed during view rendering. Explicitly configure spring.jpa.open-in-view to disable this warning
2023-01-27 20:21:16,776 INFO [restartedMain] org.springframework.security.web.DefaultSecurityFilterChain: Will secure any request with [org.springframework.security.web.session.DisableEncodeUrlFilter@3dade96d, org.springframework.security.web.context.request.async.WebAsyncManagerIntegrationFilter@7f1c623e, org.springframework.security.web.context.SecurityContextHolderFilter@37677066, org.springframework.security.web.header.HeaderWriterFilter@4c326b96, org.springframework.security.web.authentication.logout.LogoutFilter@79d02106, kodlamaio.hrms.core.utilities.security.jwt.JwtAuthenticationFilter@74228850, org.springframework.security.web.authentication.UsernamePasswordAuthenticationFilter@3a70ee8c, org.springframework.security.web.authentication.ui.DefaultLoginPageGeneratingFilter@74ac96cd, org.springframework.security.web.authentication.ui.DefaultLogoutPageGeneratingFilter@42a5f7df, org.springframework.security.web.savedrequest.RequestCacheAwareFilter@53bf8654, org.springframework.security.web.servletapi.SecurityContextHolderAwareRequestFilter@5511e56e, org.springframework.security.web.authentication.AnonymousAuthenticationFilter@221ae96e, org.springframework.security.web.session.SessionManagementFilter@295c26f7, org.springframework.security.web.access.ExceptionTranslationFilter@7ce655be, org.springframework.security.web.access.intercept.AuthorizationFilter@1bcb3719]
2023-01-27 20:21:17,388 INFO [restartedMain] org.springframework.boot.devtools.autoconfigure.OptionalLiveReloadServer: LiveReload server is running on port 35729
2023-01-27 20:21:17,421 INFO [restartedMain] org.apache.juli.logging.DirectJDKLog: Starting ProtocolHandler ["http-nio-8080"]
2023-01-27 20:21:17,463 INFO [restartedMain] org.springframework.boot.web.embedded.tomcat.TomcatWebServer: Tomcat started on port(s): 8080 (http) with context path ''
2023-01-27 20:21:17,481 INFO [restartedMain] org.springframework.boot.StartupInfoLogger: Started HrmsApplication in 10.411 seconds (process running for 11.631)
2023-01-27 20:21:17,487 INFO [restartedMain] kodlamaio.hrms.HrmsApplication: System started
2023-01-27 20:21:25,949 INFO [http-nio-8080-exec-1] org.apache.juli.logging.DirectJDKLog: Initializing Spring DispatcherServlet 'dispatcherServlet'
2023-01-27 20:21:25,949 INFO [http-nio-8080-exec-1] org.springframework.web.servlet.FrameworkServlet: Initializing Servlet 'dispatcherServlet'
2023-01-27 20:21:25,951 INFO [http-nio-8080-exec-1] org.springframework.web.servlet.FrameworkServlet: Completed initialization in 2 ms
